

================================================================
== Vivado HLS Report for 'AES_CTR_xcrypt_buffe'
================================================================
* Date:           Thu Jul  6 16:11:23 2023

* Version:        2019.1 (Build 2552052 on Fri May 24 15:28:33 MDT 2019)
* Project:        aes_ha_dma_prj
* Solution:       sol3
* Product family: spartan7
* Target device:  xc7s15-ftgb196-2


================================================================
== Performance Estimates
================================================================
+ Timing (ns): 
    * Summary: 
    +--------+-------+----------+------------+
    |  Clock | Target| Estimated| Uncertainty|
    +--------+-------+----------+------------+
    |ap_clk  |  10.00|     7.592|        1.25|
    +--------+-------+----------+------------+

+ Latency (clock cycles): 
    * Summary: 
    +-----+------+-----+------+---------+
    |   Latency  |  Interval  | Pipeline|
    | min |  max | min |  max |   Type  |
    +-----+------+-----+------+---------+
    |   49|  3105|   49|  3105|   none  |
    +-----+------+-----+------+---------+

    + Detail: 
        * Instance: 
        +-----------------------------+-------------+-----+-----+-----+-----+---------+
        |                             |             |  Latency  |  Interval | Pipeline|
        |           Instance          |    Module   | min | max | min | max |   Type  |
        +-----------------------------+-------------+-----+-----+-----+-----+---------+
        |call_ret4_MixColumns_fu_935  |MixColumns   |    0|    0|    0|    0|   none  |
        |grp_AddRoundKey_fu_955       |AddRoundKey  |    8|    8|    8|    8|   none  |
        +-----------------------------+-------------+-----+-----+-----+-----+---------+

        * Loop: 
        +------------------+-----+------+----------+-----------+-----------+------+----------+
        |                  |   Latency  | Iteration|  Initiation Interval  | Trip |          |
        |     Loop Name    | min |  max |  Latency |  achieved |   target  | Count| Pipelined|
        +------------------+-----+------+----------+-----------+-----------+------+----------+
        |- Loop 1          |   48|  3104|  3 ~ 194 |          -|          -|    16|    no    |
        | + Loop 1.1       |   32|    32|         2|          -|          -|    16|    no    |
        | + Cipher_label0  |  109|   109|        12|          -|          -|     9|    no    |
        +------------------+-----+------+----------+-----------+-----------+------+----------+



================================================================
== Utilization Estimates
================================================================
* Summary: 
+-----------------+---------+-------+-------+------+-----+
|       Name      | BRAM_18K| DSP48E|   FF  |  LUT | URAM|
+-----------------+---------+-------+-------+------+-----+
|DSP              |        -|      -|      -|     -|    -|
|Expression       |        -|      -|      0|   176|    -|
|FIFO             |        -|      -|      -|     -|    -|
|Instance         |        -|      -|    253|  1151|    -|
|Memory           |        9|      -|      0|     0|    0|
|Multiplexer      |        -|      -|      -|  1083|    -|
|Register         |        -|      -|    833|     -|    -|
+-----------------+---------+-------+-------+------+-----+
|Total            |        9|      0|   1086|  2410|    0|
+-----------------+---------+-------+-------+------+-----+
|Available        |       20|     20|  16000|  8000|    0|
+-----------------+---------+-------+-------+------+-----+
|Utilization (%)  |       45|      0|      6|    30|    0|
+-----------------+---------+-------+-------+------+-----+

+ Detail: 
    * Instance: 
    +-----------------------------+-------------+---------+-------+-----+-----+-----+
    |           Instance          |    Module   | BRAM_18K| DSP48E|  FF | LUT | URAM|
    +-----------------------------+-------------+---------+-------+-----+-----+-----+
    |grp_AddRoundKey_fu_955       |AddRoundKey  |        0|      0|  253|  527|    0|
    |call_ret4_MixColumns_fu_935  |MixColumns   |        0|      0|    0|  624|    0|
    +-----------------------------+-------------+---------+-------+-----+-----+-----+
    |Total                        |             |        0|      0|  253| 1151|    0|
    +-----------------------------+-------------+---------+-------+-----+-----+-----+

    * DSP48E: 
    N/A

    * Memory: 
    +----------+-----------------------------+---------+---+----+-----+------+-----+------+-------------+
    |  Memory  |            Module           | BRAM_18K| FF| LUT| URAM| Words| Bits| Banks| W*Bits*Banks|
    +----------+-----------------------------+---------+---+----+-----+------+-----+------+-------------+
    |buffer_U  |AES_CTR_xcrypt_buffe_buffer  |        1|  0|   0|    0|    16|    8|     1|          128|
    |sbox_U    |AES_CTR_xcrypt_buffe_sbox    |        8|  0|   0|    0|   256|    8|     1|         2048|
    +----------+-----------------------------+---------+---+----+-----+------+-----+------+-------------+
    |Total     |                             |        9|  0|   0|    0|   272|   16|     2|         2176|
    +----------+-----------------------------+---------+---+----+-----+------+-----+------+-------------+

    * FIFO: 
    N/A

    * Expression: 
    +-------------------------+----------+-------+---+----+------------+------------+
    |      Variable Name      | Operation| DSP48E| FF| LUT| Bitwidth P0| Bitwidth P1|
    +-------------------------+----------+-------+---+----+------------+------------+
    |add_ln591_fu_1293_p2     |     +    |      0|  0|  15|           8|           1|
    |bi_fu_1310_p2            |     +    |      0|  0|  39|          32|           1|
    |i_5_fu_1076_p2           |     +    |      0|  0|  15|           5|           1|
    |i_fu_1094_p2             |     +    |      0|  0|  15|           5|           1|
    |round_fu_1276_p2         |     +    |      0|  0|  13|           4|           1|
    |grp_fu_1064_p2           |   icmp   |      0|  0|  11|           8|           2|
    |icmp_ln444_fu_1185_p2    |   icmp   |      0|  0|   9|           4|           4|
    |icmp_ln54_fu_1088_p2     |   icmp   |      0|  0|  11|           5|           6|
    |icmp_ln574_fu_1070_p2    |   icmp   |      0|  0|  11|           5|           6|
    |icmp_ln575_fu_1082_p2    |   icmp   |      0|  0|  18|          32|           5|
    |icmp_ln587_1_fu_1282_p2  |   icmp   |      0|  0|  11|           8|           2|
    |buf_r_d0                 |    xor   |      0|  0|   8|           8|           8|
    +-------------------------+----------+-------+---+----+------------+------------+
    |Total                    |          |      0|  0| 176|         124|          38|
    +-------------------------+----------+-------+---+----+------------+------------+

    * Multiplexer: 
    +---------------------------------------+-----+-----------+-----+-----------+
    |                  Name                 | LUT | Input Size| Bits| Total Bits|
    +---------------------------------------+-----+-----------+-----+-----------+
    |ap_NS_fsm                              |  189|         43|    1|         43|
    |ap_phi_mux_bi_2_phi_fu_927_p4          |    9|          2|   32|         64|
    |bi_0_reg_639                           |    9|          2|   32|         64|
    |bi_2_reg_924                           |    9|          2|   32|         64|
    |buf_r_address0                         |   15|          3|    4|         12|
    |buffer_address0                        |   50|         11|    4|         44|
    |buffer_address1                        |   50|         11|    4|         44|
    |buffer_d0                              |   47|         10|    8|         80|
    |buffer_d1                              |   44|          9|    8|         72|
    |ctx_Iv_addr_1_lcssa7_reg_855           |   65|         16|    4|         64|
    |ctx_Iv_address0                        |   85|         17|    4|         68|
    |ctx_Iv_address1                        |   85|         17|    4|         68|
    |ctx_Iv_d1                              |   15|          3|    8|         24|
    |ctx_Iv_load_1_lcssa_reg_818            |    9|          2|    8|         16|
    |ctx_RoundKey_ce0                       |    9|          2|    1|          2|
    |ctx_RoundKey_ce1                       |    9|          2|    1|          2|
    |grp_AddRoundKey_fu_955_round           |   21|          4|    6|         24|
    |grp_AddRoundKey_fu_955_state_0_0_read  |   21|          4|    8|         32|
    |grp_AddRoundKey_fu_955_state_0_1_read  |   21|          4|    8|         32|
    |grp_AddRoundKey_fu_955_state_0_2_read  |   21|          4|    8|         32|
    |grp_AddRoundKey_fu_955_state_0_3_read  |   21|          4|    8|         32|
    |grp_AddRoundKey_fu_955_state_1_0_read  |   21|          4|    8|         32|
    |grp_AddRoundKey_fu_955_state_1_1_read  |   21|          4|    8|         32|
    |grp_AddRoundKey_fu_955_state_1_2_read  |   21|          4|    8|         32|
    |grp_AddRoundKey_fu_955_state_1_3_read  |   21|          4|    8|         32|
    |grp_AddRoundKey_fu_955_state_2_0_read  |   21|          4|    8|         32|
    |grp_AddRoundKey_fu_955_state_2_1_read  |   21|          4|    8|         32|
    |grp_AddRoundKey_fu_955_state_2_2_read  |   21|          4|    8|         32|
    |grp_AddRoundKey_fu_955_state_2_3_read  |   21|          4|    8|         32|
    |grp_AddRoundKey_fu_955_state_3_0_read  |   21|          4|    8|         32|
    |grp_AddRoundKey_fu_955_state_3_1_read  |   21|          4|    8|         32|
    |grp_AddRoundKey_fu_955_state_3_2_read  |   21|          4|    8|         32|
    |grp_AddRoundKey_fu_955_state_3_3_read  |   21|          4|    8|         32|
    |i_0_i_reg_651                          |    9|          2|    5|         10|
    |i_0_reg_627                            |    9|          2|    5|         10|
    |round_0_i_reg_806                      |    9|          2|    4|          8|
    +---------------------------------------+-----+-----------+-----+-----------+
    |Total                                  | 1083|        226|  303|       1295|
    +---------------------------------------+-----+-----------+-----+-----------+

    * Register: 
    +-------------------------------------+----+----+-----+-----------+
    |                 Name                | FF | LUT| Bits| Const Bits|
    +-------------------------------------+----+----+-----+-----------+
    |ap_CS_fsm                            |  42|   0|   42|          0|
    |bi_0_reg_639                         |  32|   0|   32|          0|
    |bi_2_reg_924                         |  32|   0|   32|          0|
    |bi_reg_2262                          |  32|   0|   32|          0|
    |buf_addr_reg_2252                    |   4|   0|    4|          0|
    |ctx_Iv_addr_1_lcssa7_reg_855         |   4|   0|    4|          0|
    |ctx_Iv_load_1_lcssa_reg_818          |   8|   0|    8|          0|
    |grp_AddRoundKey_fu_955_ap_start_reg  |   1|   0|    1|          0|
    |i_0_i_reg_651                        |   5|   0|    5|          0|
    |i_0_reg_627                          |   5|   0|    5|          0|
    |i_5_reg_1502                         |   5|   0|    5|          0|
    |i_reg_1514                           |   5|   0|    5|          0|
    |icmp_ln575_reg_1507                  |   1|   0|    1|          0|
    |icmp_ln587_10_reg_2203               |   1|   0|    1|          0|
    |icmp_ln587_11_reg_2212               |   1|   0|    1|          0|
    |icmp_ln587_12_reg_2221               |   1|   0|    1|          0|
    |icmp_ln587_13_reg_2230               |   1|   0|    1|          0|
    |icmp_ln587_14_reg_2239               |   1|   0|    1|          0|
    |icmp_ln587_15_reg_2248               |   1|   0|    1|          0|
    |icmp_ln587_1_reg_2122                |   1|   0|    1|          0|
    |icmp_ln587_2_reg_2131                |   1|   0|    1|          0|
    |icmp_ln587_3_reg_2140                |   1|   0|    1|          0|
    |icmp_ln587_4_reg_2149                |   1|   0|    1|          0|
    |icmp_ln587_5_reg_2158                |   1|   0|    1|          0|
    |icmp_ln587_6_reg_2167                |   1|   0|    1|          0|
    |icmp_ln587_7_reg_2176                |   1|   0|    1|          0|
    |icmp_ln587_8_reg_2185                |   1|   0|    1|          0|
    |icmp_ln587_9_reg_2194                |   1|   0|    1|          0|
    |icmp_ln587_reg_2113                  |   1|   0|    1|          0|
    |round_0_i_reg_806                    |   4|   0|    4|          0|
    |round_reg_1953                       |   4|   0|    4|          0|
    |state_0_0_read_ass_reg_797           |   8|   0|    8|          0|
    |state_0_1_read_ass_reg_788           |   8|   0|    8|          0|
    |state_0_2_read_ass_reg_779           |   8|   0|    8|          0|
    |state_0_3_read_ass_reg_770           |   8|   0|    8|          0|
    |state_1_0_read_ass_reg_761           |   8|   0|    8|          0|
    |state_1_1_read_ass_reg_752           |   8|   0|    8|          0|
    |state_1_2_read_ass_reg_743           |   8|   0|    8|          0|
    |state_1_3_read_ass_reg_734           |   8|   0|    8|          0|
    |state_2_0_read_ass_reg_725           |   8|   0|    8|          0|
    |state_2_1_read_ass_reg_716           |   8|   0|    8|          0|
    |state_2_2_read_ass_reg_707           |   8|   0|    8|          0|
    |state_2_3_read_ass_reg_698           |   8|   0|    8|          0|
    |state_3_0_read_ass_reg_689           |   8|   0|    8|          0|
    |state_3_1_read_ass_reg_680           |   8|   0|    8|          0|
    |state_3_2_read_ass_reg_671           |   8|   0|    8|          0|
    |state_3_3_read_ass_reg_662           |   8|   0|    8|          0|
    |x_0_0_2_reg_1529                     |   8|   0|    8|          0|
    |x_0_0_3_reg_1769                     |   8|   0|    8|          0|
    |x_0_0_reg_1868                       |   8|   0|    8|          0|
    |x_0_1_2_reg_1534                     |   8|   0|    8|          0|
    |x_0_1_4_reg_1799                     |   8|   0|    8|          0|
    |x_0_1_reg_1873                       |   8|   0|    8|          0|
    |x_0_2_2_reg_1539                     |   8|   0|    8|          0|
    |x_0_2_4_reg_1829                     |   8|   0|    8|          0|
    |x_0_2_6_reg_2038                     |   8|   0|    8|          0|
    |x_0_2_reg_1878                       |   8|   0|    8|          0|
    |x_0_3_2_reg_1544                     |   8|   0|    8|          0|
    |x_0_3_4_reg_1859                     |   8|   0|    8|          0|
    |x_0_3_6_reg_2043                     |   8|   0|    8|          0|
    |x_0_3_reg_1883                       |   8|   0|    8|          0|
    |x_1_0_2_reg_1549                     |   8|   0|    8|          0|
    |x_1_0_3_reg_1775                     |   8|   0|    8|          0|
    |x_1_0_5_reg_2048                     |   8|   0|    8|          0|
    |x_1_0_reg_1888                       |   8|   0|    8|          0|
    |x_1_1_2_reg_1554                     |   8|   0|    8|          0|
    |x_1_1_4_reg_1805                     |   8|   0|    8|          0|
    |x_1_1_6_reg_2053                     |   8|   0|    8|          0|
    |x_1_1_reg_1893                       |   8|   0|    8|          0|
    |x_1_2_2_reg_1559                     |   8|   0|    8|          0|
    |x_1_2_4_reg_1835                     |   8|   0|    8|          0|
    |x_1_2_6_reg_2058                     |   8|   0|    8|          0|
    |x_1_2_reg_1898                       |   8|   0|    8|          0|
    |x_1_3_2_reg_1564                     |   8|   0|    8|          0|
    |x_1_3_4_reg_1841                     |   8|   0|    8|          0|
    |x_1_3_6_reg_2063                     |   8|   0|    8|          0|
    |x_1_3_reg_1903                       |   8|   0|    8|          0|
    |x_2_0_2_reg_1569                     |   8|   0|    8|          0|
    |x_2_0_3_reg_1781                     |   8|   0|    8|          0|
    |x_2_0_5_reg_2068                     |   8|   0|    8|          0|
    |x_2_0_reg_1908                       |   8|   0|    8|          0|
    |x_2_1_2_reg_1574                     |   8|   0|    8|          0|
    |x_2_1_4_reg_1811                     |   8|   0|    8|          0|
    |x_2_1_6_reg_2073                     |   8|   0|    8|          0|
    |x_2_1_reg_1913                       |   8|   0|    8|          0|
    |x_2_2_2_reg_1579                     |   8|   0|    8|          0|
    |x_2_2_4_reg_1817                     |   8|   0|    8|          0|
    |x_2_2_6_reg_2078                     |   8|   0|    8|          0|
    |x_2_2_reg_1918                       |   8|   0|    8|          0|
    |x_2_3_2_reg_1584                     |   8|   0|    8|          0|
    |x_2_3_4_reg_1847                     |   8|   0|    8|          0|
    |x_2_3_6_reg_2083                     |   8|   0|    8|          0|
    |x_2_3_reg_1923                       |   8|   0|    8|          0|
    |x_3_0_2_reg_1589                     |   8|   0|    8|          0|
    |x_3_0_3_reg_1787                     |   8|   0|    8|          0|
    |x_3_0_5_reg_2088                     |   8|   0|    8|          0|
    |x_3_0_reg_1928                       |   8|   0|    8|          0|
    |x_3_1_2_reg_1594                     |   8|   0|    8|          0|
    |x_3_1_4_reg_1793                     |   8|   0|    8|          0|
    |x_3_1_6_reg_2093                     |   8|   0|    8|          0|
    |x_3_1_reg_1933                       |   8|   0|    8|          0|
    |x_3_2_2_reg_1599                     |   8|   0|    8|          0|
    |x_3_2_4_reg_1823                     |   8|   0|    8|          0|
    |x_3_2_6_reg_2098                     |   8|   0|    8|          0|
    |x_3_2_reg_1938                       |   8|   0|    8|          0|
    |x_3_3_2_reg_1604                     |   8|   0|    8|          0|
    |x_3_3_4_reg_1853                     |   8|   0|    8|          0|
    |x_3_3_6_reg_2103                     |   8|   0|    8|          0|
    |x_3_3_reg_1943                       |   8|   0|    8|          0|
    |zext_ln448_reg_1948                  |   4|   0|    6|          2|
    |zext_ln55_reg_1519                   |   5|   0|   64|         59|
    +-------------------------------------+----+----+-----+-----------+
    |Total                                | 833|   0|  894|         61|
    +-------------------------------------+----+----+-----+-----------+



================================================================
== Interface
================================================================
* Summary: 
+-----------------------+-----+-----+------------+----------------------+--------------+
|       RTL Ports       | Dir | Bits|  Protocol  |     Source Object    |    C Type    |
+-----------------------+-----+-----+------------+----------------------+--------------+
|ap_clk                 |  in |    1| ap_ctrl_hs | AES_CTR_xcrypt_buffe | return value |
|ap_rst                 |  in |    1| ap_ctrl_hs | AES_CTR_xcrypt_buffe | return value |
|ap_start               |  in |    1| ap_ctrl_hs | AES_CTR_xcrypt_buffe | return value |
|ap_done                | out |    1| ap_ctrl_hs | AES_CTR_xcrypt_buffe | return value |
|ap_idle                | out |    1| ap_ctrl_hs | AES_CTR_xcrypt_buffe | return value |
|ap_ready               | out |    1| ap_ctrl_hs | AES_CTR_xcrypt_buffe | return value |
|ctx_RoundKey_address0  | out |    8|  ap_memory |     ctx_RoundKey     |     array    |
|ctx_RoundKey_ce0       | out |    1|  ap_memory |     ctx_RoundKey     |     array    |
|ctx_RoundKey_q0        |  in |    8|  ap_memory |     ctx_RoundKey     |     array    |
|ctx_RoundKey_address1  | out |    8|  ap_memory |     ctx_RoundKey     |     array    |
|ctx_RoundKey_ce1       | out |    1|  ap_memory |     ctx_RoundKey     |     array    |
|ctx_RoundKey_q1        |  in |    8|  ap_memory |     ctx_RoundKey     |     array    |
|ctx_Iv_address0        | out |    4|  ap_memory |        ctx_Iv        |     array    |
|ctx_Iv_ce0             | out |    1|  ap_memory |        ctx_Iv        |     array    |
|ctx_Iv_we0             | out |    1|  ap_memory |        ctx_Iv        |     array    |
|ctx_Iv_d0              | out |    8|  ap_memory |        ctx_Iv        |     array    |
|ctx_Iv_q0              |  in |    8|  ap_memory |        ctx_Iv        |     array    |
|ctx_Iv_address1        | out |    4|  ap_memory |        ctx_Iv        |     array    |
|ctx_Iv_ce1             | out |    1|  ap_memory |        ctx_Iv        |     array    |
|ctx_Iv_we1             | out |    1|  ap_memory |        ctx_Iv        |     array    |
|ctx_Iv_d1              | out |    8|  ap_memory |        ctx_Iv        |     array    |
|ctx_Iv_q1              |  in |    8|  ap_memory |        ctx_Iv        |     array    |
|buf_r_address0         | out |    4|  ap_memory |         buf_r        |     array    |
|buf_r_ce0              | out |    1|  ap_memory |         buf_r        |     array    |
|buf_r_we0              | out |    1|  ap_memory |         buf_r        |     array    |
|buf_r_d0               | out |    8|  ap_memory |         buf_r        |     array    |
|buf_r_q0               |  in |    8|  ap_memory |         buf_r        |     array    |
+-----------------------+-----+-----+------------+----------------------+--------------+

