

================================================================
== Vivado HLS Report for 'aes_ha'
================================================================
* Date:           Tue Jul  4 18:06:38 2023

* Version:        2019.1 (Build 2552052 on Fri May 24 15:28:33 MDT 2019)
* Project:        aes_ha_dma_prj
* Solution:       sol1
* Product family: spartan7
* Target device:  xc7s15-ftgb196-2


================================================================
== Performance Estimates
================================================================
+ Timing (ns): 
    * Summary: 
    +--------+-------+----------+------------+
    |  Clock | Target| Estimated| Uncertainty|
    +--------+-------+----------+------------+
    |ap_clk  |  10.00|     8.750|        1.25|
    +--------+-------+----------+------------+

+ Latency (clock cycles): 
    * Summary: 
    +-----+-----+-----+-----+---------+
    |  Latency  |  Interval | Pipeline|
    | min | max | min | max |   Type  |
    +-----+-----+-----+-----+---------+
    |    ?|    ?|    ?|    ?|   none  |
    +-----+-----+-----+-----+---------+

    + Detail: 
        * Instance: 
        +---------------------------------+----------------------+-----+-------+-----+-------+---------+
        |                                 |                      |   Latency   |   Interval  | Pipeline|
        |             Instance            |        Module        | min |  max  | min |  max  |   Type  |
        +---------------------------------+----------------------+-----+-------+-----+-------+---------+
        |grp_AES_CTR_xcrypt_buffe_fu_286  |AES_CTR_xcrypt_buffe  |   49|  22449|   49|  22449|   none  |
        |grp_KeyExpansion_fu_295          |KeyExpansion          |  262|    262|  262|    262|   none  |
        +---------------------------------+----------------------+-----+-------+-----+-------+---------+

        * Loop: 
        +-------------+-----+-----+-------------+-----------+-----------+------+----------+
        |             |  Latency  |  Iteration  |  Initiation Interval  | Trip |          |
        |  Loop Name  | min | max |   Latency   |  achieved |   target  | Count| Pipelined|
        +-------------+-----+-----+-------------+-----------+-----------+------+----------+
        |- Loop 1     |   32|   32|            2|          -|          -|    16|    no    |
        |- Loop 2     |    ?|    ?| 144 ~ 22544 |          -|          -|     ?|    no    |
        | + Loop 2.1  |   32|   32|            2|          -|          -|    16|    no    |
        | + Loop 2.2  |   48|   48|            3|          -|          -|    16|    no    |
        |- Loop 3     |   32|   32|            2|          -|          -|    16|    no    |
        +-------------+-----+-----+-------------+-----------+-----------+------+----------+



================================================================
== Utilization Estimates
================================================================
* Summary: 
+-----------------+---------+-------+-------+------+-----+
|       Name      | BRAM_18K| DSP48E|   FF  |  LUT | URAM|
+-----------------+---------+-------+-------+------+-----+
|DSP              |        -|      -|      -|     -|    -|
|Expression       |        -|      -|      0|   412|    -|
|FIFO             |        -|      -|      -|     -|    -|
|Instance         |        9|      -|   1389|  3094|    0|
|Memory           |        1|      -|     32|     4|    0|
|Multiplexer      |        -|      -|      -|   415|    -|
|Register         |        -|      -|    476|     -|    -|
+-----------------+---------+-------+-------+------+-----+
|Total            |       10|      0|   1897|  3925|    0|
+-----------------+---------+-------+-------+------+-----+
|Available        |       20|     20|  16000|  8000|    0|
+-----------------+---------+-------+-------+------+-----+
|Utilization (%)  |       50|      0|     11|    49|    0|
+-----------------+---------+-------+-------+------+-----+

+ Detail: 
    * Instance: 
    +---------------------------------+----------------------+---------+-------+-----+------+-----+
    |             Instance            |        Module        | BRAM_18K| DSP48E|  FF |  LUT | URAM|
    +---------------------------------+----------------------+---------+-------+-----+------+-----+
    |grp_AES_CTR_xcrypt_buffe_fu_286  |AES_CTR_xcrypt_buffe  |        2|      0|  408|  1482|    0|
    |grp_KeyExpansion_fu_295          |KeyExpansion          |        1|      0|  123|   540|    0|
    |aes_ha_mst_m_axi_U               |aes_ha_mst_m_axi      |        2|      0|  548|   700|    0|
    |aes_ha_slv_s_axi_U               |aes_ha_slv_s_axi      |        4|      0|  310|   372|    0|
    +---------------------------------+----------------------+---------+-------+-----+------+-----+
    |Total                            |                      |        9|      0| 1389|  3094|    0|
    +---------------------------------+----------------------+---------+-------+-----+------+-----+

    * DSP48E: 
    N/A

    * Memory: 
    +----------------+-----------------------------+---------+----+----+-----+------+-----+------+-------------+
    |     Memory     |            Module           | BRAM_18K| FF | LUT| URAM| Words| Bits| Banks| W*Bits*Banks|
    +----------------+-----------------------------+---------+----+----+-----+------+-----+------+-------------+
    |ctx_Iv_U        |AES_CTR_xcrypt_buffe_buffer  |        0|  16|   2|    0|    16|    8|     1|          128|
    |text_U          |AES_CTR_xcrypt_buffe_buffer  |        0|  16|   2|    0|    16|    8|     1|          128|
    |ctx_RoundKey_U  |aes_ha_ctx_RoundKey          |        1|   0|   0|    0|   176|    8|     1|         1408|
    +----------------+-----------------------------+---------+----+----+-----+------+-----+------+-------------+
    |Total           |                             |        1|  32|   4|    0|   208|   24|     3|         1664|
    +----------------+-----------------------------+---------+----+----+-----+------+-----+------+-------------+

    * FIFO: 
    N/A

    * Expression: 
    +-------------------------+----------+-------+---+----+------------+------------+
    |      Variable Name      | Operation| DSP48E| FF| LUT| Bitwidth P0| Bitwidth P1|
    +-------------------------+----------+-------+---+----+------------+------------+
    |add_ln21_fu_337_p2       |     +    |      0|  0|  39|          32|           4|
    |add_ln55_1_fu_441_p2     |     +    |      0|  0|  40|          33|          33|
    |add_ln55_fu_414_p2       |     +    |      0|  0|  40|          33|          33|
    |i_1_fu_319_p2            |     +    |      0|  0|  15|           5|           1|
    |i_2_fu_435_p2            |     +    |      0|  0|  15|           5|           1|
    |i_3_fu_477_p2            |     +    |      0|  0|  39|          32|           5|
    |i_4_fu_466_p2            |     +    |      0|  0|  15|           5|           1|
    |i_fu_489_p2              |     +    |      0|  0|  15|           5|           1|
    |sub_ln21_1_fu_365_p2     |     -    |      0|  0|  35|           1|          28|
    |sub_ln21_fu_350_p2       |     -    |      0|  0|  39|           5|          32|
    |ap_block_state13         |    and   |      0|  0|   2|           1|           1|
    |icmp_ln21_fu_405_p2      |   icmp   |      0|  0|  18|          32|          32|
    |icmp_ln54_1_fu_483_p2    |   icmp   |      0|  0|  11|           5|           6|
    |icmp_ln54_2_fu_460_p2    |   icmp   |      0|  0|  11|           5|           6|
    |icmp_ln54_3_fu_313_p2    |   icmp   |      0|  0|  11|           5|           6|
    |icmp_ln54_fu_429_p2      |   icmp   |      0|  0|  11|           5|           6|
    |select_ln21_1_fu_389_p3  |  select  |      0|  0|  28|           1|           1|
    |select_ln21_fu_381_p3    |  select  |      0|  0|  28|           1|          28|
    +-------------------------+----------+-------+---+----+------------+------------+
    |Total                    |          |      0|  0| 412|         211|         225|
    +-------------------------+----------+-------+---+----+------------+------------+

    * Multiplexer: 
    +-----------------------+-----+-----------+-----+-----------+
    |          Name         | LUT | Input Size| Bits| Total Bits|
    +-----------------------+-----+-----------+-----+-----------+
    |ap_NS_fsm              |  121|         26|    1|         26|
    |ctx_Iv_address0        |   21|          4|    4|         16|
    |ctx_Iv_ce0             |   15|          3|    1|          3|
    |ctx_Iv_d0              |   15|          3|    8|         24|
    |ctx_Iv_we0             |   15|          3|    1|          3|
    |ctx_RoundKey_address0  |   15|          3|    8|         24|
    |ctx_RoundKey_ce0       |   15|          3|    1|          3|
    |ctx_RoundKey_ce1       |    9|          2|    1|          2|
    |ctx_RoundKey_we0       |    9|          2|    1|          2|
    |ctx_RoundKey_we1       |    9|          2|    1|          2|
    |i_0_i1_reg_264         |    9|          2|    5|         10|
    |i_0_i4_reg_275         |    9|          2|    5|         10|
    |i_0_i_i_reg_229        |    9|          2|    5|         10|
    |i_0_i_reg_252          |    9|          2|    5|         10|
    |i_0_reg_240            |    9|          2|   32|         64|
    |iv_address0            |   15|          3|    4|         12|
    |mst_blk_n_AR           |    9|          2|    1|          2|
    |mst_blk_n_AW           |    9|          2|    1|          2|
    |mst_blk_n_B            |    9|          2|    1|          2|
    |mst_blk_n_R            |    9|          2|    1|          2|
    |mst_blk_n_W            |    9|          2|    1|          2|
    |text_address0          |   21|          4|    4|         16|
    |text_ce0               |   15|          3|    1|          3|
    |text_d0                |   15|          3|    8|         24|
    |text_we0               |   15|          3|    1|          3|
    +-----------------------+-----+-----------+-----+-----------+
    |Total                  |  415|         87|  102|        277|
    +-----------------------+-----+-----------+-----+-----------+

    * Register: 
    +----------------------------------------------+----+----+-----+-----------+
    |                     Name                     | FF | LUT| Bits| Const Bits|
    +----------------------------------------------+----+----+-----+-----------+
    |ap_CS_fsm                                     |  25|   0|   25|          0|
    |grp_AES_CTR_xcrypt_buffe_fu_286_ap_start_reg  |   1|   0|    1|          0|
    |grp_KeyExpansion_fu_295_ap_start_reg          |   1|   0|    1|          0|
    |i_0_i1_reg_264                                |   5|   0|    5|          0|
    |i_0_i4_reg_275                                |   5|   0|    5|          0|
    |i_0_i_i_reg_229                               |   5|   0|    5|          0|
    |i_0_i_reg_252                                 |   5|   0|    5|          0|
    |i_0_reg_240                                   |  32|   0|   32|          0|
    |i_1_reg_530                                   |   5|   0|    5|          0|
    |i_2_reg_567                                   |   5|   0|    5|          0|
    |i_3_reg_596                                   |  32|   0|   32|          0|
    |i_4_reg_586                                   |   5|   0|    5|          0|
    |i_reg_609                                     |   5|   0|    5|          0|
    |in_read_reg_505                               |  32|   0|   32|          0|
    |length_r_0_data_reg                           |  32|   0|   32|          0|
    |length_r_0_vld_reg                            |   0|   0|    1|          1|
    |length_read_reg_510                           |  32|   0|   32|          0|
    |mst_addr_1_reg_577                            |  32|   0|   32|          0|
    |mst_addr_read_reg_572                         |   8|   0|    8|          0|
    |mst_addr_reg_558                              |  32|   0|   32|          0|
    |out_read_reg_500                              |  32|   0|   32|          0|
    |p_cast7_reg_522                               |  33|   0|   33|          0|
    |p_cast9_reg_517                               |  33|   0|   33|          0|
    |sext_ln55_reg_553                             |  33|   0|   33|          0|
    |text_load_reg_601                             |   8|   0|    8|          0|
    |tmp_3_reg_545                                 |  28|   0|   32|          4|
    |zext_ln55_3_reg_535                           |   5|   0|   64|         59|
    |zext_ln55_reg_614                             |   5|   0|   64|         59|
    +----------------------------------------------+----+----+-----+-----------+
    |Total                                         | 476|   0|  599|        123|
    +----------------------------------------------+----+----+-----+-----------+



================================================================
== Interface
================================================================
* Summary: 
+--------------------+-----+-----+------------+--------------+--------------+
|      RTL Ports     | Dir | Bits|  Protocol  | Source Object|    C Type    |
+--------------------+-----+-----+------------+--------------+--------------+
|s_axi_slv_AWVALID   |  in |    1|    s_axi   |      slv     |    scalar    |
|s_axi_slv_AWREADY   | out |    1|    s_axi   |      slv     |    scalar    |
|s_axi_slv_AWADDR    |  in |    7|    s_axi   |      slv     |    scalar    |
|s_axi_slv_WVALID    |  in |    1|    s_axi   |      slv     |    scalar    |
|s_axi_slv_WREADY    | out |    1|    s_axi   |      slv     |    scalar    |
|s_axi_slv_WDATA     |  in |   32|    s_axi   |      slv     |    scalar    |
|s_axi_slv_WSTRB     |  in |    4|    s_axi   |      slv     |    scalar    |
|s_axi_slv_ARVALID   |  in |    1|    s_axi   |      slv     |    scalar    |
|s_axi_slv_ARREADY   | out |    1|    s_axi   |      slv     |    scalar    |
|s_axi_slv_ARADDR    |  in |    7|    s_axi   |      slv     |    scalar    |
|s_axi_slv_RVALID    | out |    1|    s_axi   |      slv     |    scalar    |
|s_axi_slv_RREADY    |  in |    1|    s_axi   |      slv     |    scalar    |
|s_axi_slv_RDATA     | out |   32|    s_axi   |      slv     |    scalar    |
|s_axi_slv_RRESP     | out |    2|    s_axi   |      slv     |    scalar    |
|s_axi_slv_BVALID    | out |    1|    s_axi   |      slv     |    scalar    |
|s_axi_slv_BREADY    |  in |    1|    s_axi   |      slv     |    scalar    |
|s_axi_slv_BRESP     | out |    2|    s_axi   |      slv     |    scalar    |
|ap_clk              |  in |    1| ap_ctrl_hs |    aes_ha    | return value |
|ap_rst_n            |  in |    1| ap_ctrl_hs |    aes_ha    | return value |
|interrupt           | out |    1| ap_ctrl_hs |    aes_ha    | return value |
|m_axi_mst_AWVALID   | out |    1|    m_axi   |      mst     |    pointer   |
|m_axi_mst_AWREADY   |  in |    1|    m_axi   |      mst     |    pointer   |
|m_axi_mst_AWADDR    | out |   32|    m_axi   |      mst     |    pointer   |
|m_axi_mst_AWID      | out |    1|    m_axi   |      mst     |    pointer   |
|m_axi_mst_AWLEN     | out |    8|    m_axi   |      mst     |    pointer   |
|m_axi_mst_AWSIZE    | out |    3|    m_axi   |      mst     |    pointer   |
|m_axi_mst_AWBURST   | out |    2|    m_axi   |      mst     |    pointer   |
|m_axi_mst_AWLOCK    | out |    2|    m_axi   |      mst     |    pointer   |
|m_axi_mst_AWCACHE   | out |    4|    m_axi   |      mst     |    pointer   |
|m_axi_mst_AWPROT    | out |    3|    m_axi   |      mst     |    pointer   |
|m_axi_mst_AWQOS     | out |    4|    m_axi   |      mst     |    pointer   |
|m_axi_mst_AWREGION  | out |    4|    m_axi   |      mst     |    pointer   |
|m_axi_mst_AWUSER    | out |    1|    m_axi   |      mst     |    pointer   |
|m_axi_mst_WVALID    | out |    1|    m_axi   |      mst     |    pointer   |
|m_axi_mst_WREADY    |  in |    1|    m_axi   |      mst     |    pointer   |
|m_axi_mst_WDATA     | out |   32|    m_axi   |      mst     |    pointer   |
|m_axi_mst_WSTRB     | out |    4|    m_axi   |      mst     |    pointer   |
|m_axi_mst_WLAST     | out |    1|    m_axi   |      mst     |    pointer   |
|m_axi_mst_WID       | out |    1|    m_axi   |      mst     |    pointer   |
|m_axi_mst_WUSER     | out |    1|    m_axi   |      mst     |    pointer   |
|m_axi_mst_ARVALID   | out |    1|    m_axi   |      mst     |    pointer   |
|m_axi_mst_ARREADY   |  in |    1|    m_axi   |      mst     |    pointer   |
|m_axi_mst_ARADDR    | out |   32|    m_axi   |      mst     |    pointer   |
|m_axi_mst_ARID      | out |    1|    m_axi   |      mst     |    pointer   |
|m_axi_mst_ARLEN     | out |    8|    m_axi   |      mst     |    pointer   |
|m_axi_mst_ARSIZE    | out |    3|    m_axi   |      mst     |    pointer   |
|m_axi_mst_ARBURST   | out |    2|    m_axi   |      mst     |    pointer   |
|m_axi_mst_ARLOCK    | out |    2|    m_axi   |      mst     |    pointer   |
|m_axi_mst_ARCACHE   | out |    4|    m_axi   |      mst     |    pointer   |
|m_axi_mst_ARPROT    | out |    3|    m_axi   |      mst     |    pointer   |
|m_axi_mst_ARQOS     | out |    4|    m_axi   |      mst     |    pointer   |
|m_axi_mst_ARREGION  | out |    4|    m_axi   |      mst     |    pointer   |
|m_axi_mst_ARUSER    | out |    1|    m_axi   |      mst     |    pointer   |
|m_axi_mst_RVALID    |  in |    1|    m_axi   |      mst     |    pointer   |
|m_axi_mst_RREADY    | out |    1|    m_axi   |      mst     |    pointer   |
|m_axi_mst_RDATA     |  in |   32|    m_axi   |      mst     |    pointer   |
|m_axi_mst_RLAST     |  in |    1|    m_axi   |      mst     |    pointer   |
|m_axi_mst_RID       |  in |    1|    m_axi   |      mst     |    pointer   |
|m_axi_mst_RUSER     |  in |    1|    m_axi   |      mst     |    pointer   |
|m_axi_mst_RRESP     |  in |    2|    m_axi   |      mst     |    pointer   |
|m_axi_mst_BVALID    |  in |    1|    m_axi   |      mst     |    pointer   |
|m_axi_mst_BREADY    | out |    1|    m_axi   |      mst     |    pointer   |
|m_axi_mst_BRESP     |  in |    2|    m_axi   |      mst     |    pointer   |
|m_axi_mst_BID       |  in |    1|    m_axi   |      mst     |    pointer   |
|m_axi_mst_BUSER     |  in |    1|    m_axi   |      mst     |    pointer   |
+--------------------+-----+-----+------------+--------------+--------------+

