

================================================================
== Vivado HLS Report for 'KeyExpansion'
================================================================
* Date:           Tue Jul  4 18:06:36 2023

* Version:        2019.1 (Build 2552052 on Fri May 24 15:28:33 MDT 2019)
* Project:        aes_ha_dma_prj
* Solution:       sol1
* Product family: spartan7
* Target device:  xc7s15-ftgb196-2


================================================================
== Performance Estimates
================================================================
+ Timing (ns): 
    * Summary: 
    +--------+-------+----------+------------+
    |  Clock | Target| Estimated| Uncertainty|
    +--------+-------+----------+------------+
    |ap_clk  |  10.00|     5.542|        1.25|
    +--------+-------+----------+------------+

+ Latency (clock cycles): 
    * Summary: 
    +-----+-----+-----+-----+---------+
    |  Latency  |  Interval | Pipeline|
    | min | max | min | max |   Type  |
    +-----+-----+-----+-----+---------+
    |  262|  262|  262|  262|   none  |
    +-----+-----+-----+-----+---------+

    + Detail: 
        * Instance: 
        N/A

        * Loop: 
        +-----------------------+-----+-----+----------+-----------+-----------+------+----------+
        |                       |  Latency  | Iteration|  Initiation Interval  | Trip |          |
        |       Loop Name       | min | max |  Latency |  achieved |   target  | Count| Pipelined|
        +-----------------------+-----+-----+----------+-----------+-----------+------+----------+
        |- KeyExpansion_label0  |   20|   20|         5|          -|          -|     4|    no    |
        |- Loop 2               |  240|  240|         6|          -|          -|    40|    no    |
        +-----------------------+-----+-----+----------+-----------+-----------+------+----------+



================================================================
== Utilization Estimates
================================================================
* Summary: 
+-----------------+---------+-------+-------+------+-----+
|       Name      | BRAM_18K| DSP48E|   FF  |  LUT | URAM|
+-----------------+---------+-------+-------+------+-----+
|DSP              |        -|      -|      -|     -|    -|
|Expression       |        -|      -|      0|   283|    -|
|FIFO             |        -|      -|      -|     -|    -|
|Instance         |        -|      -|      -|     -|    -|
|Memory           |        1|      -|      8|     2|    -|
|Multiplexer      |        -|      -|      -|   255|    -|
|Register         |        -|      -|    115|     -|    -|
+-----------------+---------+-------+-------+------+-----+
|Total            |        1|      0|    123|   540|    0|
+-----------------+---------+-------+-------+------+-----+
|Available        |       20|     20|  16000|  8000|    0|
+-----------------+---------+-------+-------+------+-----+
|Utilization (%)  |        5|      0|   ~0  |     6|    0|
+-----------------+---------+-------+-------+------+-----+

+ Detail: 
    * Instance: 
    N/A

    * DSP48E: 
    N/A

    * Memory: 
    +--------+-------------------+---------+---+----+-----+------+-----+------+-------------+
    | Memory |       Module      | BRAM_18K| FF| LUT| URAM| Words| Bits| Banks| W*Bits*Banks|
    +--------+-------------------+---------+---+----+-----+------+-----+------+-------------+
    |Rcon_U  |KeyExpansion_Rcon  |        0|  8|   2|    0|    11|    8|     1|           88|
    |sbox_U  |KeyExpansion_sbox  |        1|  0|   0|    0|   256|    8|     1|         2048|
    +--------+-------------------+---------+---+----+-----+------+-----+------+-------------+
    |Total   |                   |        1|  8|   2|    0|   267|   16|     2|         2136|
    +--------+-------------------+---------+---+----+-----+------+-----+------+-------------+

    * FIFO: 
    N/A

    * Expression: 
    +----------------------+----------+-------+---+----+------------+------------+
    |     Variable Name    | Operation| DSP48E| FF| LUT| Bitwidth P0| Bitwidth P1|
    +----------------------+----------+-------+---+----+------------+------------+
    |add_ln201_fu_404_p2   |     +    |      0|  0|  15|           4|           8|
    |add_ln202_fu_415_p2   |     +    |      0|  0|  15|           3|           8|
    |add_ln203_fu_452_p2   |     +    |      0|  0|  15|           3|           8|
    |add_ln204_fu_462_p2   |     +    |      0|  0|  15|           2|           8|
    |add_ln246_fu_485_p2   |     +    |      0|  0|  15|           6|           8|
    |add_ln247_fu_495_p2   |     +    |      0|  0|  15|           5|           8|
    |add_ln248_fu_543_p2   |     +    |      0|  0|  15|           5|           8|
    |add_ln249_fu_553_p2   |     +    |      0|  0|  15|           5|           8|
    |i_5_fu_446_p2         |     +    |      0|  0|  15|           1|           6|
    |i_fu_337_p2           |     +    |      0|  0|  12|           3|           1|
    |icmp_ln190_fu_331_p2  |   icmp   |      0|  0|   9|           3|           4|
    |icmp_ln198_fu_390_p2  |   icmp   |      0|  0|  11|           6|           6|
    |icmp_ln207_fu_430_p2  |   icmp   |      0|  0|   8|           2|           1|
    |or_ln192_fu_360_p2    |    or    |      0|  0|   4|           4|           1|
    |or_ln193_fu_370_p2    |    or    |      0|  0|   4|           4|           2|
    |or_ln194_fu_380_p2    |    or    |      0|  0|   4|           4|           2|
    |or_ln247_fu_579_p2    |    or    |      0|  0|   8|           8|           1|
    |or_ln248_fu_601_p2    |    or    |      0|  0|   8|           8|           2|
    |or_ln249_fu_611_p2    |    or    |      0|  0|   8|           8|           2|
    |tempa_0_2_fu_525_p3   |  select  |      0|  0|   8|           1|           8|
    |tempa_1_2_fu_519_p3   |  select  |      0|  0|   8|           1|           8|
    |tempa_2_2_fu_569_p3   |  select  |      0|  0|   8|           1|           8|
    |tempa_3_2_fu_563_p3   |  select  |      0|  0|   8|           1|           8|
    |tempa_0_fu_513_p2     |    xor   |      0|  0|   8|           8|           8|
    |xor_ln246_fu_531_p2   |    xor   |      0|  0|   8|           8|           8|
    |xor_ln247_fu_537_p2   |    xor   |      0|  0|   8|           8|           8|
    |xor_ln248_fu_589_p2   |    xor   |      0|  0|   8|           8|           8|
    |xor_ln249_fu_595_p2   |    xor   |      0|  0|   8|           8|           8|
    +----------------------+----------+-------+---+----+------------+------------+
    |Total                 |          |      0|  0| 283|         128|         164|
    +----------------------+----------+-------+---+----+------------+------------+

    * Multiplexer: 
    +-------------------+----+-----------+-----+-----------+
    |        Name       | LUT| Input Size| Bits| Total Bits|
    +-------------------+----+-----------+-----+-----------+
    |Key_address0       |  27|          5|    4|         20|
    |RoundKey_address0  |  50|         11|    8|         88|
    |RoundKey_address1  |  38|          7|    8|         56|
    |RoundKey_d0        |  21|          4|    8|         32|
    |RoundKey_d1        |  15|          3|    8|         24|
    |ap_NS_fsm          |  56|         13|    1|         13|
    |i_0_reg_309        |   9|          2|    3|          6|
    |i_1_reg_320        |   9|          2|    6|         12|
    |sbox_address0      |  15|          3|    8|         24|
    |sbox_address1      |  15|          3|    8|         24|
    +-------------------+----+-----------+-----+-----------+
    |Total              | 255|         53|   62|        299|
    +-------------------+----+-----------+-----+-----------+

    * Register: 
    +--------------------+----+----+-----+-----------+
    |        Name        | FF | LUT| Bits| Const Bits|
    +--------------------+----+----+-----+-----------+
    |ap_CS_fsm           |  12|   0|   12|          0|
    |i_0_reg_309         |   3|   0|    3|          0|
    |i_1_reg_320         |   6|   0|    6|          0|
    |i_5_reg_716         |   6|   0|    6|          0|
    |i_reg_624           |   3|   0|    3|          0|
    |icmp_ln207_reg_703  |   1|   0|    1|          0|
    |j_reg_679           |   6|   0|    8|          2|
    |lshr_ln_reg_711     |   4|   0|    4|          0|
    |shl_ln_reg_629      |   2|   0|    4|          2|
    |tempa_0_3_reg_721   |   8|   0|    8|          0|
    |tempa_1_reg_727     |   8|   0|    8|          0|
    |tempa_2_reg_743     |   8|   0|    8|          0|
    |tempa_3_reg_748     |   8|   0|    8|          0|
    |xor_ln246_reg_789   |   8|   0|    8|          0|
    |xor_ln247_reg_794   |   8|   0|    8|          0|
    |xor_ln248_reg_809   |   8|   0|    8|          0|
    |xor_ln249_reg_814   |   8|   0|    8|          0|
    |zext_ln191_reg_636  |   2|   0|   64|         62|
    |zext_ln192_reg_646  |   2|   0|   64|         62|
    |zext_ln193_reg_656  |   2|   0|   64|         62|
    |zext_ln194_reg_666  |   2|   0|   64|         62|
    +--------------------+----+----+-----+-----------+
    |Total               | 115|   0|  367|        252|
    +--------------------+----+----+-----+-----------+



================================================================
== Interface
================================================================
* Summary: 
+-------------------+-----+-----+------------+--------------+--------------+
|     RTL Ports     | Dir | Bits|  Protocol  | Source Object|    C Type    |
+-------------------+-----+-----+------------+--------------+--------------+
|ap_clk             |  in |    1| ap_ctrl_hs | KeyExpansion | return value |
|ap_rst             |  in |    1| ap_ctrl_hs | KeyExpansion | return value |
|ap_start           |  in |    1| ap_ctrl_hs | KeyExpansion | return value |
|ap_done            | out |    1| ap_ctrl_hs | KeyExpansion | return value |
|ap_idle            | out |    1| ap_ctrl_hs | KeyExpansion | return value |
|ap_ready           | out |    1| ap_ctrl_hs | KeyExpansion | return value |
|RoundKey_address0  | out |    8|  ap_memory |   RoundKey   |     array    |
|RoundKey_ce0       | out |    1|  ap_memory |   RoundKey   |     array    |
|RoundKey_we0       | out |    1|  ap_memory |   RoundKey   |     array    |
|RoundKey_d0        | out |    8|  ap_memory |   RoundKey   |     array    |
|RoundKey_q0        |  in |    8|  ap_memory |   RoundKey   |     array    |
|RoundKey_address1  | out |    8|  ap_memory |   RoundKey   |     array    |
|RoundKey_ce1       | out |    1|  ap_memory |   RoundKey   |     array    |
|RoundKey_we1       | out |    1|  ap_memory |   RoundKey   |     array    |
|RoundKey_d1        | out |    8|  ap_memory |   RoundKey   |     array    |
|RoundKey_q1        |  in |    8|  ap_memory |   RoundKey   |     array    |
|Key_address0       | out |    4|  ap_memory |      Key     |     array    |
|Key_ce0            | out |    1|  ap_memory |      Key     |     array    |
|Key_q0             |  in |    8|  ap_memory |      Key     |     array    |
+-------------------+-----+-----+------------+--------------+--------------+

