

================================================================
== Vivado HLS Report for 'aes_ha'
================================================================
* Date:           Tue Jul  4 10:47:47 2023

* Version:        2019.1 (Build 2552052 on Fri May 24 15:28:33 MDT 2019)
* Project:        aes_ha_basic_prj
* Solution:       sol1
* Product family: spartan7
* Target device:  xc7s15-ftgb196-2


================================================================
== Performance Estimates
================================================================
+ Timing (ns): 
    * Summary: 
    +--------+-------+----------+------------+
    |  Clock | Target| Estimated| Uncertainty|
    +--------+-------+----------+------------+
    |ap_clk  |  10.00|     6.100|        1.25|
    +--------+-------+----------+------------+

+ Latency (clock cycles): 
    * Summary: 
    +-----+-------+-----+-------+---------+
    |   Latency   |   Interval  | Pipeline|
    | min |  max  | min |  max  |   Type  |
    +-----+-------+-----+-------+---------+
    |  446|  22846|  446|  22846|   none  |
    +-----+-------+-----+-------+---------+

    + Detail: 
        * Instance: 
        +---------------------------------+----------------------+-----+-------+-----+-------+---------+
        |                                 |                      |   Latency   |   Interval  | Pipeline|
        |             Instance            |        Module        | min |  max  | min |  max  |   Type  |
        +---------------------------------+----------------------+-----+-------+-----+-------+---------+
        |grp_AES_CTR_xcrypt_buffe_fu_198  |AES_CTR_xcrypt_buffe  |   49|  22449|   49|  22449|   none  |
        |grp_KeyExpansion_fu_207          |KeyExpansion          |  262|    262|  262|    262|   none  |
        +---------------------------------+----------------------+-----+-------+-----+-------+---------+

        * Loop: 
        +----------+-----+-----+----------+-----------+-----------+------+----------+
        |          |  Latency  | Iteration|  Initiation Interval  | Trip |          |
        | Loop Name| min | max |  Latency |  achieved |   target  | Count| Pipelined|
        +----------+-----+-----+----------+-----------+-----------+------+----------+
        |- Loop 1  |   32|   32|         2|          -|          -|    16|    no    |
        |- Loop 2  |   32|   32|         2|          -|          -|    16|    no    |
        |- Loop 3  |   32|   32|         2|          -|          -|    16|    no    |
        |- Loop 4  |   32|   32|         2|          -|          -|    16|    no    |
        +----------+-----+-----+----------+-----------+-----------+------+----------+



================================================================
== Utilization Estimates
================================================================
* Summary: 
+-----------------+---------+-------+-------+------+-----+
|       Name      | BRAM_18K| DSP48E|   FF  |  LUT | URAM|
+-----------------+---------+-------+-------+------+-----+
|DSP              |        -|      -|      -|     -|    -|
|Expression       |        -|      -|      0|   104|    -|
|FIFO             |        -|      -|      -|     -|    -|
|Instance         |        9|      -|    807|  2272|    0|
|Memory           |        1|      -|     32|     4|    0|
|Multiplexer      |        -|      -|      -|   311|    -|
|Register         |        -|      -|     74|     -|    -|
+-----------------+---------+-------+-------+------+-----+
|Total            |       10|      0|    913|  2691|    0|
+-----------------+---------+-------+-------+------+-----+
|Available        |       20|     20|  16000|  8000|    0|
+-----------------+---------+-------+-------+------+-----+
|Utilization (%)  |       50|      0|      5|    33|    0|
+-----------------+---------+-------+-------+------+-----+

+ Detail: 
    * Instance: 
    +---------------------------------+----------------------+---------+-------+-----+------+-----+
    |             Instance            |        Module        | BRAM_18K| DSP48E|  FF |  LUT | URAM|
    +---------------------------------+----------------------+---------+-------+-----+------+-----+
    |grp_AES_CTR_xcrypt_buffe_fu_198  |AES_CTR_xcrypt_buffe  |        2|      0|  408|  1482|    0|
    |grp_KeyExpansion_fu_207          |KeyExpansion          |        1|      0|  123|   540|    0|
    |aes_ha_slv_s_axi_U               |aes_ha_slv_s_axi      |        6|      0|  276|   250|    0|
    +---------------------------------+----------------------+---------+-------+-----+------+-----+
    |Total                            |                      |        9|      0|  807|  2272|    0|
    +---------------------------------+----------------------+---------+-------+-----+------+-----+

    * DSP48E: 
    N/A

    * Memory: 
    +----------------+-----------------------------+---------+----+----+-----+------+-----+------+-------------+
    |     Memory     |            Module           | BRAM_18K| FF | LUT| URAM| Words| Bits| Banks| W*Bits*Banks|
    +----------------+-----------------------------+---------+----+----+-----+------+-----+------+-------------+
    |ctx_Iv_U        |AES_CTR_xcrypt_buffe_buffer  |        0|  16|   2|    0|    16|    8|     1|          128|
    |text_U          |AES_CTR_xcrypt_buffe_buffer  |        0|  16|   2|    0|    16|    8|     1|          128|
    |ctx_RoundKey_U  |aes_ha_ctx_RoundKey          |        1|   0|   0|    0|   176|    8|     1|         1408|
    +----------------+-----------------------------+---------+----+----+-----+------+-----+------+-------------+
    |Total           |                             |        1|  32|   4|    0|   208|   24|     3|         1664|
    +----------------+-----------------------------+---------+----+----+-----+------+-----+------+-------------+

    * FIFO: 
    N/A

    * Expression: 
    +-----------------------+----------+-------+---+----+------------+------------+
    |     Variable Name     | Operation| DSP48E| FF| LUT| Bitwidth P0| Bitwidth P1|
    +-----------------------+----------+-------+---+----+------------+------------+
    |i_1_fu_225_p2          |     +    |      0|  0|  15|           5|           1|
    |i_2_fu_259_p2          |     +    |      0|  0|  15|           5|           1|
    |i_3_fu_276_p2          |     +    |      0|  0|  15|           5|           1|
    |i_fu_242_p2            |     +    |      0|  0|  15|           5|           1|
    |icmp_ln54_1_fu_253_p2  |   icmp   |      0|  0|  11|           5|           6|
    |icmp_ln54_2_fu_270_p2  |   icmp   |      0|  0|  11|           5|           6|
    |icmp_ln54_3_fu_219_p2  |   icmp   |      0|  0|  11|           5|           6|
    |icmp_ln54_fu_236_p2    |   icmp   |      0|  0|  11|           5|           6|
    +-----------------------+----------+-------+---+----+------------+------------+
    |Total                  |          |      0|  0| 104|          40|          28|
    +-----------------------+----------+-------+---+----+------------+------------+

    * Multiplexer: 
    +-----------------------+----+-----------+-----+-----------+
    |          Name         | LUT| Input Size| Bits| Total Bits|
    +-----------------------+----+-----------+-----+-----------+
    |ap_NS_fsm              |  56|         13|    1|         13|
    |ctx_Iv_address0        |  21|          4|    4|         16|
    |ctx_Iv_ce0             |  15|          3|    1|          3|
    |ctx_Iv_d0              |  15|          3|    8|         24|
    |ctx_Iv_we0             |  15|          3|    1|          3|
    |ctx_RoundKey_address0  |  15|          3|    8|         24|
    |ctx_RoundKey_ce0       |  15|          3|    1|          3|
    |ctx_RoundKey_ce1       |   9|          2|    1|          2|
    |ctx_RoundKey_we0       |   9|          2|    1|          2|
    |ctx_RoundKey_we1       |   9|          2|    1|          2|
    |i_0_i1_reg_176         |   9|          2|    5|         10|
    |i_0_i4_reg_187         |   9|          2|    5|         10|
    |i_0_i_i_reg_154        |   9|          2|    5|         10|
    |i_0_i_reg_165          |   9|          2|    5|         10|
    |inout_r_address0       |  15|          3|    4|         12|
    |iv_address0            |  15|          3|    4|         12|
    |text_address0          |  21|          4|    4|         16|
    |text_ce0               |  15|          3|    1|          3|
    |text_d0                |  15|          3|    8|         24|
    |text_we0               |  15|          3|    1|          3|
    +-----------------------+----+-----------+-----+-----------+
    |Total                  | 311|         65|   69|        202|
    +-----------------------+----+-----------+-----+-----------+

    * Register: 
    +----------------------------------------------+----+----+-----+-----------+
    |                     Name                     | FF | LUT| Bits| Const Bits|
    +----------------------------------------------+----+----+-----+-----------+
    |ap_CS_fsm                                     |  12|   0|   12|          0|
    |grp_AES_CTR_xcrypt_buffe_fu_198_ap_start_reg  |   1|   0|    1|          0|
    |grp_KeyExpansion_fu_207_ap_start_reg          |   1|   0|    1|          0|
    |i_0_i1_reg_176                                |   5|   0|    5|          0|
    |i_0_i4_reg_187                                |   5|   0|    5|          0|
    |i_0_i_i_reg_154                               |   5|   0|    5|          0|
    |i_0_i_reg_165                                 |   5|   0|    5|          0|
    |i_1_reg_290                                   |   5|   0|    5|          0|
    |i_2_reg_326                                   |   5|   0|    5|          0|
    |i_3_reg_344                                   |   5|   0|    5|          0|
    |i_reg_308                                     |   5|   0|    5|          0|
    |zext_ln55_1_reg_331                           |   5|   0|   64|         59|
    |zext_ln55_2_reg_349                           |   5|   0|   64|         59|
    |zext_ln55_3_reg_295                           |   5|   0|   64|         59|
    |zext_ln55_reg_313                             |   5|   0|   64|         59|
    +----------------------------------------------+----+----+-----+-----------+
    |Total                                         |  74|   0|  310|        236|
    +----------------------------------------------+----+----+-----+-----------+



================================================================
== Interface
================================================================
* Summary: 
+-------------------+-----+-----+------------+--------------+--------------+
|     RTL Ports     | Dir | Bits|  Protocol  | Source Object|    C Type    |
+-------------------+-----+-----+------------+--------------+--------------+
|s_axi_slv_AWVALID  |  in |    1|    s_axi   |      slv     |     array    |
|s_axi_slv_AWREADY  | out |    1|    s_axi   |      slv     |     array    |
|s_axi_slv_AWADDR   |  in |    6|    s_axi   |      slv     |     array    |
|s_axi_slv_WVALID   |  in |    1|    s_axi   |      slv     |     array    |
|s_axi_slv_WREADY   | out |    1|    s_axi   |      slv     |     array    |
|s_axi_slv_WDATA    |  in |   32|    s_axi   |      slv     |     array    |
|s_axi_slv_WSTRB    |  in |    4|    s_axi   |      slv     |     array    |
|s_axi_slv_ARVALID  |  in |    1|    s_axi   |      slv     |     array    |
|s_axi_slv_ARREADY  | out |    1|    s_axi   |      slv     |     array    |
|s_axi_slv_ARADDR   |  in |    6|    s_axi   |      slv     |     array    |
|s_axi_slv_RVALID   | out |    1|    s_axi   |      slv     |     array    |
|s_axi_slv_RREADY   |  in |    1|    s_axi   |      slv     |     array    |
|s_axi_slv_RDATA    | out |   32|    s_axi   |      slv     |     array    |
|s_axi_slv_RRESP    | out |    2|    s_axi   |      slv     |     array    |
|s_axi_slv_BVALID   | out |    1|    s_axi   |      slv     |     array    |
|s_axi_slv_BREADY   |  in |    1|    s_axi   |      slv     |     array    |
|s_axi_slv_BRESP    | out |    2|    s_axi   |      slv     |     array    |
|ap_clk             |  in |    1| ap_ctrl_hs |    aes_ha    | return value |
|ap_rst_n           |  in |    1| ap_ctrl_hs |    aes_ha    | return value |
|interrupt          | out |    1| ap_ctrl_hs |    aes_ha    | return value |
+-------------------+-----+-----+------------+--------------+--------------+

