

================================================================
== Vivado HLS Report for 'AES_CTR_xcrypt_buffe'
================================================================
* Date:           Tue Jul  4 10:47:47 2023

* Version:        2019.1 (Build 2552052 on Fri May 24 15:28:33 MDT 2019)
* Project:        aes_ha_basic_prj
* Solution:       sol1
* Product family: spartan7
* Target device:  xc7s15-ftgb196-2


================================================================
== Performance Estimates
================================================================
+ Timing (ns): 
    * Summary: 
    +--------+-------+----------+------------+
    |  Clock | Target| Estimated| Uncertainty|
    +--------+-------+----------+------------+
    |ap_clk  |  10.00|     6.100|        1.25|
    +--------+-------+----------+------------+

+ Latency (clock cycles): 
    * Summary: 
    +-----+-------+-----+-------+---------+
    |   Latency   |   Interval  | Pipeline|
    | min |  max  | min |  max  |   Type  |
    +-----+-------+-----+-------+---------+
    |   49|  22449|   49|  22449|   none  |
    +-----+-------+-----+-------+---------+

    + Detail: 
        * Instance: 
        +-------------------+--------+------+------+------+------+---------+
        |                   |        |   Latency   |   Interval  | Pipeline|
        |      Instance     | Module |  min |  max |  min |  max |   Type  |
        +-------------------+--------+------+------+------+------+---------+
        |grp_Cipher_fu_259  |Cipher  |  1250|  1250|  1250|  1250|   none  |
        +-------------------+--------+------+------+------+------+---------+

        * Loop: 
        +-----------------+-----+-------+----------+-----------+-----------+--------+----------+
        |                 |   Latency   | Iteration|  Initiation Interval  |  Trip  |          |
        |    Loop Name    | min |  max  |  Latency |  achieved |   target  |  Count | Pipelined|
        +-----------------+-----+-------+----------+-----------+-----------+--------+----------+
        |- Loop 1         |   48|  22448| 3 ~ 1403 |          -|          -|      16|    no    |
        | + Loop 1.1      |   32|     32|         2|          -|          -|      16|    no    |
        | + Loop 1.2      |   40|     40|        10|          -|          -|       4|    no    |
        |  ++ Loop 1.2.1  |    8|      8|         2|          -|          -|       4|    no    |
        | + Loop 1.3      |   40|     40|        10|          -|          -|       4|    no    |
        |  ++ Loop 1.3.1  |    8|      8|         2|          -|          -|       4|    no    |
        | + Loop 1.4      |    2|     33|         2|          -|          -| 1 ~ 16 |    no    |
        +-----------------+-----+-------+----------+-----------+-----------+--------+----------+



================================================================
== Utilization Estimates
================================================================
* Summary: 
+-----------------+---------+-------+-------+------+-----+
|       Name      | BRAM_18K| DSP48E|   FF  |  LUT | URAM|
+-----------------+---------+-------+-------+------+-----+
|DSP              |        -|      -|      -|     -|    -|
|Expression       |        -|      -|      0|   300|    -|
|FIFO             |        -|      -|      -|     -|    -|
|Instance         |        1|      -|    199|   851|    -|
|Memory           |        1|      -|     16|     2|    0|
|Multiplexer      |        -|      -|      -|   329|    -|
|Register         |        -|      -|    193|     -|    -|
+-----------------+---------+-------+-------+------+-----+
|Total            |        2|      0|    408|  1482|    0|
+-----------------+---------+-------+-------+------+-----+
|Available        |       20|     20|  16000|  8000|    0|
+-----------------+---------+-------+-------+------+-----+
|Utilization (%)  |       10|      0|      2|    18|    0|
+-----------------+---------+-------+-------+------+-----+

+ Detail: 
    * Instance: 
    +-------------------+--------+---------+-------+-----+-----+-----+
    |      Instance     | Module | BRAM_18K| DSP48E|  FF | LUT | URAM|
    +-------------------+--------+---------+-------+-----+-----+-----+
    |grp_Cipher_fu_259  |Cipher  |        1|      0|  199|  851|    0|
    +-------------------+--------+---------+-------+-----+-----+-----+
    |Total              |        |        1|      0|  199|  851|    0|
    +-------------------+--------+---------+-------+-----+-----+-----+

    * DSP48E: 
    N/A

    * Memory: 
    +----------+-----------------------------+---------+----+----+-----+------+-----+------+-------------+
    |  Memory  |            Module           | BRAM_18K| FF | LUT| URAM| Words| Bits| Banks| W*Bits*Banks|
    +----------+-----------------------------+---------+----+----+-----+------+-----+------+-------------+
    |buffer_U  |AES_CTR_xcrypt_buffe_buffer  |        0|  16|   2|    0|    16|    8|     1|          128|
    |x_U       |AES_CTR_xcrypt_buffe_x       |        1|   0|   0|    0|    16|    8|     1|          128|
    +----------+-----------------------------+---------+----+----+-----+------+-----+------+-------------+
    |Total     |                             |        1|  16|   2|    0|    32|   16|     2|          256|
    +----------+-----------------------------+---------+----+----+-----+------+-----+------+-------------+

    * FIFO: 
    N/A

    * Expression: 
    +-----------------------+----------+-------+---+----+------------+------------+
    |     Variable Name     | Operation| DSP48E| FF| LUT| Bitwidth P0| Bitwidth P1|
    +-----------------------+----------+-------+---+----+------------+------------+
    |add_ln485_1_fu_347_p2  |     +    |      0|  0|  15|           6|           6|
    |add_ln485_fu_369_p2    |     +    |      0|  0|  13|           4|           4|
    |add_ln493_1_fu_423_p2  |     +    |      0|  0|  15|           6|           6|
    |add_ln493_fu_445_p2    |     +    |      0|  0|  13|           4|           4|
    |add_ln591_fu_483_p2    |     +    |      0|  0|  15|           8|           1|
    |bi_3_fu_500_p2         |     +    |      0|  0|  39|          32|           1|
    |bi_fu_477_p2           |     +    |      0|  0|  15|           5|           2|
    |i_6_fu_321_p2          |     +    |      0|  0|  12|           3|           1|
    |i_7_fu_397_p2          |     +    |      0|  0|  12|           3|           1|
    |i_8_fu_274_p2          |     +    |      0|  0|  15|           5|           1|
    |i_fu_292_p2            |     +    |      0|  0|  15|           5|           1|
    |k_1_fu_439_p2          |     +    |      0|  0|  12|           3|           1|
    |k_fu_363_p2            |     +    |      0|  0|  12|           3|           1|
    |ap_condition_456       |    and   |      0|  0|   2|           1|           1|
    |icmp_ln483_fu_315_p2   |   icmp   |      0|  0|   9|           3|           4|
    |icmp_ln484_fu_357_p2   |   icmp   |      0|  0|   9|           3|           4|
    |icmp_ln491_fu_391_p2   |   icmp   |      0|  0|   9|           3|           4|
    |icmp_ln492_fu_433_p2   |   icmp   |      0|  0|   9|           3|           4|
    |icmp_ln54_fu_286_p2    |   icmp   |      0|  0|  11|           5|           6|
    |icmp_ln574_fu_268_p2   |   icmp   |      0|  0|  11|           5|           6|
    |icmp_ln575_fu_280_p2   |   icmp   |      0|  0|  18|          32|           5|
    |icmp_ln587_fu_471_p2   |   icmp   |      0|  0|  11|           8|           2|
    |buf_r_d0               |    xor   |      0|  0|   8|           8|           8|
    +-----------------------+----------+-------+---+----+------------+------------+
    |Total                  |          |      0|  0| 300|         158|          74|
    +-----------------------+----------+-------+---+----+------------+------------+

    * Multiplexer: 
    +-------------------------------+----+-----------+-----+-----------+
    |              Name             | LUT| Input Size| Bits| Total Bits|
    +-------------------------------+----+-----------+-----+-----------+
    |ap_NS_fsm                      |  62|         15|    1|         15|
    |ap_phi_mux_bi_2_phi_fu_251_p4  |   9|          2|   32|         64|
    |bi_0_reg_169                   |   9|          2|   32|         64|
    |bi_1_reg_236                   |   9|          2|    5|         10|
    |bi_2_reg_248                   |   9|          2|   32|         64|
    |buf_r_address0                 |  15|          3|    4|         12|
    |buffer_address0                |  27|          5|    4|         20|
    |buffer_d0                      |  15|          3|    8|         24|
    |ctx_Iv_address0                |  21|          4|    4|         16|
    |ctx_Iv_d0                      |  15|          3|    8|         24|
    |i_0_i2_reg_192                 |   9|          2|    3|          6|
    |i_0_i3_reg_214                 |   9|          2|    3|          6|
    |i_0_i_reg_181                  |   9|          2|    5|         10|
    |i_0_reg_157                    |   9|          2|    5|         10|
    |k_0_i5_reg_225                 |   9|          2|    3|          6|
    |k_0_i_reg_203                  |   9|          2|    3|          6|
    |x_address0                     |  21|          4|    4|         16|
    |x_ce0                          |  15|          3|    1|          3|
    |x_ce1                          |   9|          2|    1|          2|
    |x_d0                           |  15|          3|    8|         24|
    |x_we0                          |  15|          3|    1|          3|
    |x_we1                          |   9|          2|    1|          2|
    +-------------------------------+----+-----------+-----+-----------+
    |Total                          | 329|         70|  168|        407|
    +-------------------------------+----+-----------+-----+-----------+

    * Register: 
    +--------------------------------+----+----+-----+-----------+
    |              Name              | FF | LUT| Bits| Const Bits|
    +--------------------------------+----+----+-----+-----------+
    |add_ln493_reg_610               |   4|   0|    4|          0|
    |ap_CS_fsm                       |  14|   0|   14|          0|
    |bi_0_reg_169                    |  32|   0|   32|          0|
    |bi_1_reg_236                    |   5|   0|    5|          0|
    |bi_2_reg_248                    |  32|   0|   32|          0|
    |bi_3_reg_642                    |  32|   0|   32|          0|
    |buf_addr_reg_632                |   4|   0|    4|          0|
    |ctx_Iv_addr_1_reg_619           |   4|   0|    4|          0|
    |grp_Cipher_fu_259_ap_start_reg  |   1|   0|    1|          0|
    |i_0_i2_reg_192                  |   3|   0|    3|          0|
    |i_0_i3_reg_214                  |   3|   0|    3|          0|
    |i_0_i_reg_181                   |   5|   0|    5|          0|
    |i_0_reg_157                     |   5|   0|    5|          0|
    |i_6_reg_551                     |   3|   0|    3|          0|
    |i_7_reg_587                     |   3|   0|    3|          0|
    |i_8_reg_516                     |   5|   0|    5|          0|
    |i_reg_528                       |   5|   0|    5|          0|
    |icmp_ln575_reg_521              |   1|   0|    1|          0|
    |k_0_i5_reg_225                  |   3|   0|    3|          0|
    |k_0_i_reg_203                   |   3|   0|    3|          0|
    |k_1_reg_605                     |   3|   0|    3|          0|
    |k_reg_569                       |   3|   0|    3|          0|
    |shl_ln1_reg_592                 |   2|   0|    4|          2|
    |shl_ln_reg_556                  |   2|   0|    4|          2|
    |tmp_9_reg_615                   |   1|   0|    1|          0|
    |x_addr_reg_561                  |   4|   0|    4|          0|
    |zext_ln483_reg_543              |   3|   0|    6|          3|
    |zext_ln491_reg_579              |   3|   0|    6|          3|
    |zext_ln55_reg_533               |   5|   0|   64|         59|
    +--------------------------------+----+----+-----+-----------+
    |Total                           | 193|   0|  262|         69|
    +--------------------------------+----+----+-----+-----------+



================================================================
== Interface
================================================================
* Summary: 
+-----------------------+-----+-----+------------+----------------------+--------------+
|       RTL Ports       | Dir | Bits|  Protocol  |     Source Object    |    C Type    |
+-----------------------+-----+-----+------------+----------------------+--------------+
|ap_clk                 |  in |    1| ap_ctrl_hs | AES_CTR_xcrypt_buffe | return value |
|ap_rst                 |  in |    1| ap_ctrl_hs | AES_CTR_xcrypt_buffe | return value |
|ap_start               |  in |    1| ap_ctrl_hs | AES_CTR_xcrypt_buffe | return value |
|ap_done                | out |    1| ap_ctrl_hs | AES_CTR_xcrypt_buffe | return value |
|ap_idle                | out |    1| ap_ctrl_hs | AES_CTR_xcrypt_buffe | return value |
|ap_ready               | out |    1| ap_ctrl_hs | AES_CTR_xcrypt_buffe | return value |
|ctx_RoundKey_address0  | out |    8|  ap_memory |     ctx_RoundKey     |     array    |
|ctx_RoundKey_ce0       | out |    1|  ap_memory |     ctx_RoundKey     |     array    |
|ctx_RoundKey_q0        |  in |    8|  ap_memory |     ctx_RoundKey     |     array    |
|ctx_Iv_address0        | out |    4|  ap_memory |        ctx_Iv        |     array    |
|ctx_Iv_ce0             | out |    1|  ap_memory |        ctx_Iv        |     array    |
|ctx_Iv_we0             | out |    1|  ap_memory |        ctx_Iv        |     array    |
|ctx_Iv_d0              | out |    8|  ap_memory |        ctx_Iv        |     array    |
|ctx_Iv_q0              |  in |    8|  ap_memory |        ctx_Iv        |     array    |
|buf_r_address0         | out |    4|  ap_memory |         buf_r        |     array    |
|buf_r_ce0              | out |    1|  ap_memory |         buf_r        |     array    |
|buf_r_we0              | out |    1|  ap_memory |         buf_r        |     array    |
|buf_r_d0               | out |    8|  ap_memory |         buf_r        |     array    |
|buf_r_q0               |  in |    8|  ap_memory |         buf_r        |     array    |
+-----------------------+-----+-----+------------+----------------------+--------------+

