The target system is: Generic -  - riscv64
The host system is: Linux - 5.4.0-148-generic - x86_64
Compiling the C compiler identification source file "CMakeCCompilerId.c" succeeded.
Compiler: /usr/local/labs/SDS/current/common/tools/sdk/riscv-gcc//bin/riscv64-unknown-elf-gcc 
Build flags: -march=rv32imac;-mabi=ilp32;-mcmodel=medany;-nostartfiles
Id flags:  

The output was:
0
/nas/ei/share/TUEIEDA/LabSDS/ST23/common/tools/sdk/rv64multi-tc/bin/../lib/gcc/riscv64-unknown-elf/8.3.0/../../../../riscv64-unknown-elf/bin/ld: warning: cannot find entry symbol _start; defaulting to 0000000000010074


Compilation of the C compiler identification source "CMakeCCompilerId.c" produced "a.out"

The C compiler identification is GNU, found in "/usr/local/labs/SDS/ST23/ge86qud/lab-module-1/sw/CMakeFiles/3.19.8/CompilerIdC/a.out"

Compiling the CXX compiler identification source file "CMakeCXXCompilerId.cpp" succeeded.
Compiler: /usr/local/labs/SDS/current/common/tools/sdk/riscv-gcc//bin/riscv64-unknown-elf-g++ 
Build flags: -march=rv32imac;-mabi=ilp32;-mcmodel=medany;-nostartfiles
Id flags:  

The output was:
0
/nas/ei/share/TUEIEDA/LabSDS/ST23/common/tools/sdk/rv64multi-tc/bin/../lib/gcc/riscv64-unknown-elf/8.3.0/../../../../riscv64-unknown-elf/bin/ld: warning: cannot find entry symbol _start; defaulting to 0000000000010074


Compilation of the CXX compiler identification source "CMakeCXXCompilerId.cpp" produced "a.out"

The CXX compiler identification is GNU, found in "/usr/local/labs/SDS/ST23/ge86qud/lab-module-1/sw/CMakeFiles/3.19.8/CompilerIdCXX/a.out"

Checking whether the ASM compiler is GNU using "--version" matched "(GNU assembler)|(GCC)|(Free Software Foundation)":
riscv64-unknown-elf-gcc (SiFive GCC 8.3.0-2020.04.0) 8.3.0
Copyright (C) 2018 Free Software Foundation, Inc.
This is free software; see the source for copying conditions.  There is NO
warranty; not even for MERCHANTABILITY or FITNESS FOR A PARTICULAR PURPOSE.

Detecting C compiler ABI info compiled with the following output:
Change Dir: /usr/local/labs/SDS/ST23/ge86qud/lab-module-1/sw/CMakeFiles/CMakeTmp

Run Build Command(s):/usr/bin/make cmTC_156f5/fast && /usr/bin/make  -f CMakeFiles/cmTC_156f5.dir/build.make CMakeFiles/cmTC_156f5.dir/build
make[1]: Entering directory '/nas/ei/share/TUEIEDA/LabSDS/ST23/ge86qud/lab-module-1/sw/CMakeFiles/CMakeTmp'
Building C object CMakeFiles/cmTC_156f5.dir/CMakeCCompilerABI.c.obj
/usr/local/labs/SDS/current/common/tools/sdk/riscv-gcc//bin/riscv64-unknown-elf-gcc -DETISS_LOGGER_ADDR=0xf0000000 -D__riscv__  -march=rv32imac -mabi=ilp32 -mcmodel=medany -nostartfiles    -v -o CMakeFiles/cmTC_156f5.dir/CMakeCCompilerABI.c.obj -c /usr/local/labs/SDS/ST23/common/tools/cmake/share/cmake-3.19/Modules/CMakeCCompilerABI.c
Using built-in specs.
COLLECT_GCC=/usr/local/labs/SDS/current/common/tools/sdk/riscv-gcc//bin/riscv64-unknown-elf-gcc
Target: riscv64-unknown-elf
Configured with: /scratch/jenkins/workspace/tpp-freedom-tools/tpp03--toolchain-only-package--scratch-carsteng/obj/x86_64-linux-ubuntu14/build/riscv-gnu-toolchain/riscv-gcc/configure --target=riscv64-unknown-elf --host=x86_64-linux-gnu --prefix=/scratch/jenkins/workspace/tpp-freedom-tools/tpp03--toolchain-only-package--scratch-carsteng/obj/x86_64-linux-ubuntu14/install/riscv64-unknown-elf-gcc-8.3.0-2020.04.0-x86_64-linux-ubuntu14 --with-pkgversion='SiFive GCC 8.3.0-2020.04.0' --with-bugurl=https://github.com/sifive/freedom-tools/issues --disable-shared --disable-threads --enable-languages=c,c++ --enable-tls --with-newlib --with-sysroot=/scratch/jenkins/workspace/tpp-freedom-tools/tpp03--toolchain-only-package--scratch-carsteng/obj/x86_64-linux-ubuntu14/install/riscv64-unknown-elf-gcc-8.3.0-2020.04.0-x86_64-linux-ubuntu14/riscv64-unknown-elf --with-native-system-header-dir=/include --disable-libmudflap --disable-libssp --disable-libquadmath --disable-libgomp --disable-nls --disable-tm-clone-registry --src=../riscv-gcc --with-system-zlib --enable-checking=yes --enable-multilib --with-abi=lp64d --with-arch=rv64imafdc CFLAGS=-O2 CXXFLAGS=-O2 'CFLAGS_FOR_TARGET=-Os  -mcmodel=medany' 'CXXFLAGS_FOR_TARGET=-Os  -mcmodel=medany'
Thread model: single
gcc version 8.3.0 (SiFive GCC 8.3.0-2020.04.0) 
COLLECT_GCC_OPTIONS='-D' 'ETISS_LOGGER_ADDR=0xf0000000' '-D' '__riscv__' '-march=rv32imac' '-mabi=ilp32' '-mcmodel=medany' '-nostartfiles' '-v' '-o' 'CMakeFiles/cmTC_156f5.dir/CMakeCCompilerABI.c.obj' '-c'
 /nas/ei/share/TUEIEDA/LabSDS/ST23/common/tools/sdk/rv64multi-tc/bin/../libexec/gcc/riscv64-unknown-elf/8.3.0/cc1 -quiet -v -imultilib rv32imac/ilp32 -iprefix /nas/ei/share/TUEIEDA/LabSDS/ST23/common/tools/sdk/rv64multi-tc/bin/../lib/gcc/riscv64-unknown-elf/8.3.0/ -isysroot /nas/ei/share/TUEIEDA/LabSDS/ST23/common/tools/sdk/rv64multi-tc/bin/../riscv64-unknown-elf -D ETISS_LOGGER_ADDR=0xf0000000 -D __riscv__ /usr/local/labs/SDS/ST23/common/tools/cmake/share/cmake-3.19/Modules/CMakeCCompilerABI.c -quiet -dumpbase CMakeCCompilerABI.c -march=rv32imac -mabi=ilp32 -mcmodel=medany -auxbase-strip CMakeFiles/cmTC_156f5.dir/CMakeCCompilerABI.c.obj -version -o /tmp/ccnqn0k7.s
GNU C17 (SiFive GCC 8.3.0-2020.04.0) version 8.3.0 (riscv64-unknown-elf)
	compiled by GNU C version 5.4.0 20160609, GMP version 6.1.0, MPFR version 3.1.4, MPC version 1.0.3, isl version isl-0.18-GMP

GGC heuristics: --param ggc-min-expand=30 --param ggc-min-heapsize=4096
ignoring duplicate directory "/nas/ei/share/TUEIEDA/LabSDS/ST23/common/tools/sdk/rv64multi-tc/bin/../lib/gcc/../../lib/gcc/riscv64-unknown-elf/8.3.0/include"
ignoring nonexistent directory "/nas/ei/share/TUEIEDA/LabSDS/ST23/common/tools/sdk/rv64multi-tc/bin/../riscv64-unknown-elf/usr/local/include"
ignoring duplicate directory "/nas/ei/share/TUEIEDA/LabSDS/ST23/common/tools/sdk/rv64multi-tc/bin/../lib/gcc/../../lib/gcc/riscv64-unknown-elf/8.3.0/include-fixed"
ignoring duplicate directory "/nas/ei/share/TUEIEDA/LabSDS/ST23/common/tools/sdk/rv64multi-tc/bin/../lib/gcc/../../lib/gcc/riscv64-unknown-elf/8.3.0/../../../../riscv64-unknown-elf/include"
ignoring duplicate directory "/nas/ei/share/TUEIEDA/LabSDS/ST23/common/tools/sdk/rv64multi-tc/bin/../riscv64-unknown-elf/include"
#include "..." search starts here:
#include <...> search starts here:
 /nas/ei/share/TUEIEDA/LabSDS/ST23/common/tools/sdk/rv64multi-tc/bin/../lib/gcc/riscv64-unknown-elf/8.3.0/include
 /nas/ei/share/TUEIEDA/LabSDS/ST23/common/tools/sdk/rv64multi-tc/bin/../lib/gcc/riscv64-unknown-elf/8.3.0/include-fixed
 /nas/ei/share/TUEIEDA/LabSDS/ST23/common/tools/sdk/rv64multi-tc/bin/../lib/gcc/riscv64-unknown-elf/8.3.0/../../../../riscv64-unknown-elf/include
End of search list.
GNU C17 (SiFive GCC 8.3.0-2020.04.0) version 8.3.0 (riscv64-unknown-elf)
	compiled by GNU C version 5.4.0 20160609, GMP version 6.1.0, MPFR version 3.1.4, MPC version 1.0.3, isl version isl-0.18-GMP

GGC heuristics: --param ggc-min-expand=30 --param ggc-min-heapsize=4096
Compiler executable checksum: 92b7e68fe0b21a46864a2c3544173a61
COLLECT_GCC_OPTIONS='-D' 'ETISS_LOGGER_ADDR=0xf0000000' '-D' '__riscv__' '-march=rv32imac' '-mabi=ilp32' '-mcmodel=medany' '-nostartfiles' '-v' '-o' 'CMakeFiles/cmTC_156f5.dir/CMakeCCompilerABI.c.obj' '-c'
 /nas/ei/share/TUEIEDA/LabSDS/ST23/common/tools/sdk/rv64multi-tc/bin/../lib/gcc/riscv64-unknown-elf/8.3.0/../../../../riscv64-unknown-elf/bin/as -v --traditional-format -march=rv32imac -mabi=ilp32 -o CMakeFiles/cmTC_156f5.dir/CMakeCCompilerABI.c.obj /tmp/ccnqn0k7.s
GNU assembler version 2.32 (riscv64-unknown-elf) using BFD version (SiFive Binutils 2.32.0-2020.04.0) 2.32
COMPILER_PATH=/nas/ei/share/TUEIEDA/LabSDS/ST23/common/tools/sdk/rv64multi-tc/bin/../libexec/gcc/riscv64-unknown-elf/8.3.0/:/nas/ei/share/TUEIEDA/LabSDS/ST23/common/tools/sdk/rv64multi-tc/bin/../libexec/gcc/:/nas/ei/share/TUEIEDA/LabSDS/ST23/common/tools/sdk/rv64multi-tc/bin/../lib/gcc/riscv64-unknown-elf/8.3.0/../../../../riscv64-unknown-elf/bin/
LIBRARY_PATH=/nas/ei/share/TUEIEDA/LabSDS/ST23/common/tools/sdk/rv64multi-tc/bin/../lib/gcc/riscv64-unknown-elf/8.3.0/rv32imac/ilp32/:/nas/ei/share/TUEIEDA/LabSDS/ST23/common/tools/sdk/rv64multi-tc/bin/../lib/gcc/riscv64-unknown-elf/8.3.0/../../../../riscv64-unknown-elf/lib/rv32imac/ilp32/:/nas/ei/share/TUEIEDA/LabSDS/ST23/common/tools/sdk/rv64multi-tc/bin/../riscv64-unknown-elf/lib/rv32imac/ilp32/:/nas/ei/share/TUEIEDA/LabSDS/ST23/common/tools/sdk/rv64multi-tc/bin/../lib/gcc/riscv64-unknown-elf/8.3.0/:/nas/ei/share/TUEIEDA/LabSDS/ST23/common/tools/sdk/rv64multi-tc/bin/../lib/gcc/:/nas/ei/share/TUEIEDA/LabSDS/ST23/common/tools/sdk/rv64multi-tc/bin/../lib/gcc/riscv64-unknown-elf/8.3.0/../../../../riscv64-unknown-elf/lib/:/nas/ei/share/TUEIEDA/LabSDS/ST23/common/tools/sdk/rv64multi-tc/bin/../riscv64-unknown-elf/lib/
COLLECT_GCC_OPTIONS='-D' 'ETISS_LOGGER_ADDR=0xf0000000' '-D' '__riscv__' '-march=rv32imac' '-mabi=ilp32' '-mcmodel=medany' '-nostartfiles' '-v' '-o' 'CMakeFiles/cmTC_156f5.dir/CMakeCCompilerABI.c.obj' '-c'
Linking C static library libcmTC_156f5.a
/nas/ei/share/TUEIEDA/LabSDS/ST23/common/tools/cmake/bin/cmake -P CMakeFiles/cmTC_156f5.dir/cmake_clean_target.cmake
/nas/ei/share/TUEIEDA/LabSDS/ST23/common/tools/cmake/bin/cmake -E cmake_link_script CMakeFiles/cmTC_156f5.dir/link.txt --verbose=1
/usr/local/labs/SDS/current/common/tools/sdk/riscv-gcc/bin/riscv64-unknown-elf-ar qc libcmTC_156f5.a CMakeFiles/cmTC_156f5.dir/CMakeCCompilerABI.c.obj
/usr/local/labs/SDS/current/common/tools/sdk/riscv-gcc/bin/riscv64-unknown-elf-ranlib libcmTC_156f5.a
make[1]: Leaving directory '/nas/ei/share/TUEIEDA/LabSDS/ST23/ge86qud/lab-module-1/sw/CMakeFiles/CMakeTmp'



Parsed C implicit include dir info from above output: rv=done
  found start of include info
  found start of implicit include info
    add: [/nas/ei/share/TUEIEDA/LabSDS/ST23/common/tools/sdk/rv64multi-tc/bin/../lib/gcc/riscv64-unknown-elf/8.3.0/include]
    add: [/nas/ei/share/TUEIEDA/LabSDS/ST23/common/tools/sdk/rv64multi-tc/bin/../lib/gcc/riscv64-unknown-elf/8.3.0/include-fixed]
    add: [/nas/ei/share/TUEIEDA/LabSDS/ST23/common/tools/sdk/rv64multi-tc/bin/../lib/gcc/riscv64-unknown-elf/8.3.0/../../../../riscv64-unknown-elf/include]
  end of search list found
  collapse include dir [/nas/ei/share/TUEIEDA/LabSDS/ST23/common/tools/sdk/rv64multi-tc/bin/../lib/gcc/riscv64-unknown-elf/8.3.0/include] ==> [/usr/local/labs/SDS/ST23/common/tools/sdk/rv64multi-tc/lib/gcc/riscv64-unknown-elf/8.3.0/include]
  collapse include dir [/nas/ei/share/TUEIEDA/LabSDS/ST23/common/tools/sdk/rv64multi-tc/bin/../lib/gcc/riscv64-unknown-elf/8.3.0/include-fixed] ==> [/usr/local/labs/SDS/ST23/common/tools/sdk/rv64multi-tc/lib/gcc/riscv64-unknown-elf/8.3.0/include-fixed]
  collapse include dir [/nas/ei/share/TUEIEDA/LabSDS/ST23/common/tools/sdk/rv64multi-tc/bin/../lib/gcc/riscv64-unknown-elf/8.3.0/../../../../riscv64-unknown-elf/include] ==> [/usr/local/labs/SDS/ST23/common/tools/sdk/rv64multi-tc/riscv64-unknown-elf/include]
  implicit include dirs: [/usr/local/labs/SDS/ST23/common/tools/sdk/rv64multi-tc/lib/gcc/riscv64-unknown-elf/8.3.0/include;/usr/local/labs/SDS/ST23/common/tools/sdk/rv64multi-tc/lib/gcc/riscv64-unknown-elf/8.3.0/include-fixed;/usr/local/labs/SDS/ST23/common/tools/sdk/rv64multi-tc/riscv64-unknown-elf/include]


Parsed C implicit link information from above output:
  link line regex: [^( *|.*[/\])(riscv64-unknown-elf-ld|CMAKE_LINK_STARTFILE-NOTFOUND|([^/\]+-)?ld|collect2)[^/\]*( |$)]
  ignore line: [Change Dir: /usr/local/labs/SDS/ST23/ge86qud/lab-module-1/sw/CMakeFiles/CMakeTmp]
  ignore line: []
  ignore line: [Run Build Command(s):/usr/bin/make cmTC_156f5/fast && /usr/bin/make  -f CMakeFiles/cmTC_156f5.dir/build.make CMakeFiles/cmTC_156f5.dir/build]
  ignore line: [make[1]: Entering directory '/nas/ei/share/TUEIEDA/LabSDS/ST23/ge86qud/lab-module-1/sw/CMakeFiles/CMakeTmp']
  ignore line: [Building C object CMakeFiles/cmTC_156f5.dir/CMakeCCompilerABI.c.obj]
  ignore line: [/usr/local/labs/SDS/current/common/tools/sdk/riscv-gcc//bin/riscv64-unknown-elf-gcc -DETISS_LOGGER_ADDR=0xf0000000 -D__riscv__  -march=rv32imac -mabi=ilp32 -mcmodel=medany -nostartfiles    -v -o CMakeFiles/cmTC_156f5.dir/CMakeCCompilerABI.c.obj -c /usr/local/labs/SDS/ST23/common/tools/cmake/share/cmake-3.19/Modules/CMakeCCompilerABI.c]
  ignore line: [Using built-in specs.]
  ignore line: [COLLECT_GCC=/usr/local/labs/SDS/current/common/tools/sdk/riscv-gcc//bin/riscv64-unknown-elf-gcc]
  ignore line: [Target: riscv64-unknown-elf]
  ignore line: [Configured with: /scratch/jenkins/workspace/tpp-freedom-tools/tpp03--toolchain-only-package--scratch-carsteng/obj/x86_64-linux-ubuntu14/build/riscv-gnu-toolchain/riscv-gcc/configure --target=riscv64-unknown-elf --host=x86_64-linux-gnu --prefix=/scratch/jenkins/workspace/tpp-freedom-tools/tpp03--toolchain-only-package--scratch-carsteng/obj/x86_64-linux-ubuntu14/install/riscv64-unknown-elf-gcc-8.3.0-2020.04.0-x86_64-linux-ubuntu14 --with-pkgversion='SiFive GCC 8.3.0-2020.04.0' --with-bugurl=https://github.com/sifive/freedom-tools/issues --disable-shared --disable-threads --enable-languages=c c++ --enable-tls --with-newlib --with-sysroot=/scratch/jenkins/workspace/tpp-freedom-tools/tpp03--toolchain-only-package--scratch-carsteng/obj/x86_64-linux-ubuntu14/install/riscv64-unknown-elf-gcc-8.3.0-2020.04.0-x86_64-linux-ubuntu14/riscv64-unknown-elf --with-native-system-header-dir=/include --disable-libmudflap --disable-libssp --disable-libquadmath --disable-libgomp --disable-nls --disable-tm-clone-registry --src=../riscv-gcc --with-system-zlib --enable-checking=yes --enable-multilib --with-abi=lp64d --with-arch=rv64imafdc CFLAGS=-O2 CXXFLAGS=-O2 'CFLAGS_FOR_TARGET=-Os  -mcmodel=medany' 'CXXFLAGS_FOR_TARGET=-Os  -mcmodel=medany']
  ignore line: [Thread model: single]
  ignore line: [gcc version 8.3.0 (SiFive GCC 8.3.0-2020.04.0) ]
  ignore line: [COLLECT_GCC_OPTIONS='-D' 'ETISS_LOGGER_ADDR=0xf0000000' '-D' '__riscv__' '-march=rv32imac' '-mabi=ilp32' '-mcmodel=medany' '-nostartfiles' '-v' '-o' 'CMakeFiles/cmTC_156f5.dir/CMakeCCompilerABI.c.obj' '-c']
  ignore line: [ /nas/ei/share/TUEIEDA/LabSDS/ST23/common/tools/sdk/rv64multi-tc/bin/../libexec/gcc/riscv64-unknown-elf/8.3.0/cc1 -quiet -v -imultilib rv32imac/ilp32 -iprefix /nas/ei/share/TUEIEDA/LabSDS/ST23/common/tools/sdk/rv64multi-tc/bin/../lib/gcc/riscv64-unknown-elf/8.3.0/ -isysroot /nas/ei/share/TUEIEDA/LabSDS/ST23/common/tools/sdk/rv64multi-tc/bin/../riscv64-unknown-elf -D ETISS_LOGGER_ADDR=0xf0000000 -D __riscv__ /usr/local/labs/SDS/ST23/common/tools/cmake/share/cmake-3.19/Modules/CMakeCCompilerABI.c -quiet -dumpbase CMakeCCompilerABI.c -march=rv32imac -mabi=ilp32 -mcmodel=medany -auxbase-strip CMakeFiles/cmTC_156f5.dir/CMakeCCompilerABI.c.obj -version -o /tmp/ccnqn0k7.s]
  ignore line: [GNU C17 (SiFive GCC 8.3.0-2020.04.0) version 8.3.0 (riscv64-unknown-elf)]
  ignore line: [	compiled by GNU C version 5.4.0 20160609  GMP version 6.1.0  MPFR version 3.1.4  MPC version 1.0.3  isl version isl-0.18-GMP]
  ignore line: []
  ignore line: [GGC heuristics: --param ggc-min-expand=30 --param ggc-min-heapsize=4096]
  ignore line: [ignoring duplicate directory "/nas/ei/share/TUEIEDA/LabSDS/ST23/common/tools/sdk/rv64multi-tc/bin/../lib/gcc/../../lib/gcc/riscv64-unknown-elf/8.3.0/include"]
  ignore line: [ignoring nonexistent directory "/nas/ei/share/TUEIEDA/LabSDS/ST23/common/tools/sdk/rv64multi-tc/bin/../riscv64-unknown-elf/usr/local/include"]
  ignore line: [ignoring duplicate directory "/nas/ei/share/TUEIEDA/LabSDS/ST23/common/tools/sdk/rv64multi-tc/bin/../lib/gcc/../../lib/gcc/riscv64-unknown-elf/8.3.0/include-fixed"]
  ignore line: [ignoring duplicate directory "/nas/ei/share/TUEIEDA/LabSDS/ST23/common/tools/sdk/rv64multi-tc/bin/../lib/gcc/../../lib/gcc/riscv64-unknown-elf/8.3.0/../../../../riscv64-unknown-elf/include"]
  ignore line: [ignoring duplicate directory "/nas/ei/share/TUEIEDA/LabSDS/ST23/common/tools/sdk/rv64multi-tc/bin/../riscv64-unknown-elf/include"]
  ignore line: [#include "..." search starts here:]
  ignore line: [#include <...> search starts here:]
  ignore line: [ /nas/ei/share/TUEIEDA/LabSDS/ST23/common/tools/sdk/rv64multi-tc/bin/../lib/gcc/riscv64-unknown-elf/8.3.0/include]
  ignore line: [ /nas/ei/share/TUEIEDA/LabSDS/ST23/common/tools/sdk/rv64multi-tc/bin/../lib/gcc/riscv64-unknown-elf/8.3.0/include-fixed]
  ignore line: [ /nas/ei/share/TUEIEDA/LabSDS/ST23/common/tools/sdk/rv64multi-tc/bin/../lib/gcc/riscv64-unknown-elf/8.3.0/../../../../riscv64-unknown-elf/include]
  ignore line: [End of search list.]
  ignore line: [GNU C17 (SiFive GCC 8.3.0-2020.04.0) version 8.3.0 (riscv64-unknown-elf)]
  ignore line: [	compiled by GNU C version 5.4.0 20160609  GMP version 6.1.0  MPFR version 3.1.4  MPC version 1.0.3  isl version isl-0.18-GMP]
  ignore line: []
  ignore line: [GGC heuristics: --param ggc-min-expand=30 --param ggc-min-heapsize=4096]
  ignore line: [Compiler executable checksum: 92b7e68fe0b21a46864a2c3544173a61]
  ignore line: [COLLECT_GCC_OPTIONS='-D' 'ETISS_LOGGER_ADDR=0xf0000000' '-D' '__riscv__' '-march=rv32imac' '-mabi=ilp32' '-mcmodel=medany' '-nostartfiles' '-v' '-o' 'CMakeFiles/cmTC_156f5.dir/CMakeCCompilerABI.c.obj' '-c']
  ignore line: [ /nas/ei/share/TUEIEDA/LabSDS/ST23/common/tools/sdk/rv64multi-tc/bin/../lib/gcc/riscv64-unknown-elf/8.3.0/../../../../riscv64-unknown-elf/bin/as -v --traditional-format -march=rv32imac -mabi=ilp32 -o CMakeFiles/cmTC_156f5.dir/CMakeCCompilerABI.c.obj /tmp/ccnqn0k7.s]
  ignore line: [GNU assembler version 2.32 (riscv64-unknown-elf) using BFD version (SiFive Binutils 2.32.0-2020.04.0) 2.32]
  ignore line: [COMPILER_PATH=/nas/ei/share/TUEIEDA/LabSDS/ST23/common/tools/sdk/rv64multi-tc/bin/../libexec/gcc/riscv64-unknown-elf/8.3.0/:/nas/ei/share/TUEIEDA/LabSDS/ST23/common/tools/sdk/rv64multi-tc/bin/../libexec/gcc/:/nas/ei/share/TUEIEDA/LabSDS/ST23/common/tools/sdk/rv64multi-tc/bin/../lib/gcc/riscv64-unknown-elf/8.3.0/../../../../riscv64-unknown-elf/bin/]
  ignore line: [LIBRARY_PATH=/nas/ei/share/TUEIEDA/LabSDS/ST23/common/tools/sdk/rv64multi-tc/bin/../lib/gcc/riscv64-unknown-elf/8.3.0/rv32imac/ilp32/:/nas/ei/share/TUEIEDA/LabSDS/ST23/common/tools/sdk/rv64multi-tc/bin/../lib/gcc/riscv64-unknown-elf/8.3.0/../../../../riscv64-unknown-elf/lib/rv32imac/ilp32/:/nas/ei/share/TUEIEDA/LabSDS/ST23/common/tools/sdk/rv64multi-tc/bin/../riscv64-unknown-elf/lib/rv32imac/ilp32/:/nas/ei/share/TUEIEDA/LabSDS/ST23/common/tools/sdk/rv64multi-tc/bin/../lib/gcc/riscv64-unknown-elf/8.3.0/:/nas/ei/share/TUEIEDA/LabSDS/ST23/common/tools/sdk/rv64multi-tc/bin/../lib/gcc/:/nas/ei/share/TUEIEDA/LabSDS/ST23/common/tools/sdk/rv64multi-tc/bin/../lib/gcc/riscv64-unknown-elf/8.3.0/../../../../riscv64-unknown-elf/lib/:/nas/ei/share/TUEIEDA/LabSDS/ST23/common/tools/sdk/rv64multi-tc/bin/../riscv64-unknown-elf/lib/]
  ignore line: [COLLECT_GCC_OPTIONS='-D' 'ETISS_LOGGER_ADDR=0xf0000000' '-D' '__riscv__' '-march=rv32imac' '-mabi=ilp32' '-mcmodel=medany' '-nostartfiles' '-v' '-o' 'CMakeFiles/cmTC_156f5.dir/CMakeCCompilerABI.c.obj' '-c']
  ignore line: [Linking C static library libcmTC_156f5.a]
  ignore line: [/nas/ei/share/TUEIEDA/LabSDS/ST23/common/tools/cmake/bin/cmake -P CMakeFiles/cmTC_156f5.dir/cmake_clean_target.cmake]
  ignore line: [/nas/ei/share/TUEIEDA/LabSDS/ST23/common/tools/cmake/bin/cmake -E cmake_link_script CMakeFiles/cmTC_156f5.dir/link.txt --verbose=1]
  ignore line: [/usr/local/labs/SDS/current/common/tools/sdk/riscv-gcc/bin/riscv64-unknown-elf-ar qc libcmTC_156f5.a CMakeFiles/cmTC_156f5.dir/CMakeCCompilerABI.c.obj]
  ignore line: [/usr/local/labs/SDS/current/common/tools/sdk/riscv-gcc/bin/riscv64-unknown-elf-ranlib libcmTC_156f5.a]
  ignore line: [make[1]: Leaving directory '/nas/ei/share/TUEIEDA/LabSDS/ST23/ge86qud/lab-module-1/sw/CMakeFiles/CMakeTmp']
  ignore line: []
  ignore line: []
  implicit libs: []
  implicit dirs: []
  implicit fwks: []


Detecting CXX compiler ABI info compiled with the following output:
Change Dir: /usr/local/labs/SDS/ST23/ge86qud/lab-module-1/sw/CMakeFiles/CMakeTmp

Run Build Command(s):/usr/bin/make cmTC_b4807/fast && /usr/bin/make  -f CMakeFiles/cmTC_b4807.dir/build.make CMakeFiles/cmTC_b4807.dir/build
make[1]: Entering directory '/nas/ei/share/TUEIEDA/LabSDS/ST23/ge86qud/lab-module-1/sw/CMakeFiles/CMakeTmp'
Building CXX object CMakeFiles/cmTC_b4807.dir/CMakeCXXCompilerABI.cpp.obj
/usr/local/labs/SDS/current/common/tools/sdk/riscv-gcc//bin/riscv64-unknown-elf-g++ -DETISS_LOGGER_ADDR=0xf0000000 -D__riscv__  -march=rv32imac -mabi=ilp32 -mcmodel=medany -nostartfiles    -v -o CMakeFiles/cmTC_b4807.dir/CMakeCXXCompilerABI.cpp.obj -c /usr/local/labs/SDS/ST23/common/tools/cmake/share/cmake-3.19/Modules/CMakeCXXCompilerABI.cpp
Using built-in specs.
COLLECT_GCC=/usr/local/labs/SDS/current/common/tools/sdk/riscv-gcc//bin/riscv64-unknown-elf-g++
Target: riscv64-unknown-elf
Configured with: /scratch/jenkins/workspace/tpp-freedom-tools/tpp03--toolchain-only-package--scratch-carsteng/obj/x86_64-linux-ubuntu14/build/riscv-gnu-toolchain/riscv-gcc/configure --target=riscv64-unknown-elf --host=x86_64-linux-gnu --prefix=/scratch/jenkins/workspace/tpp-freedom-tools/tpp03--toolchain-only-package--scratch-carsteng/obj/x86_64-linux-ubuntu14/install/riscv64-unknown-elf-gcc-8.3.0-2020.04.0-x86_64-linux-ubuntu14 --with-pkgversion='SiFive GCC 8.3.0-2020.04.0' --with-bugurl=https://github.com/sifive/freedom-tools/issues --disable-shared --disable-threads --enable-languages=c,c++ --enable-tls --with-newlib --with-sysroot=/scratch/jenkins/workspace/tpp-freedom-tools/tpp03--toolchain-only-package--scratch-carsteng/obj/x86_64-linux-ubuntu14/install/riscv64-unknown-elf-gcc-8.3.0-2020.04.0-x86_64-linux-ubuntu14/riscv64-unknown-elf --with-native-system-header-dir=/include --disable-libmudflap --disable-libssp --disable-libquadmath --disable-libgomp --disable-nls --disable-tm-clone-registry --src=../riscv-gcc --with-system-zlib --enable-checking=yes --enable-multilib --with-abi=lp64d --with-arch=rv64imafdc CFLAGS=-O2 CXXFLAGS=-O2 'CFLAGS_FOR_TARGET=-Os  -mcmodel=medany' 'CXXFLAGS_FOR_TARGET=-Os  -mcmodel=medany'
Thread model: single
gcc version 8.3.0 (SiFive GCC 8.3.0-2020.04.0) 
COLLECT_GCC_OPTIONS='-D' 'ETISS_LOGGER_ADDR=0xf0000000' '-D' '__riscv__' '-march=rv32imac' '-mabi=ilp32' '-mcmodel=medany' '-nostartfiles' '-v' '-o' 'CMakeFiles/cmTC_b4807.dir/CMakeCXXCompilerABI.cpp.obj' '-c'
 /nas/ei/share/TUEIEDA/LabSDS/ST23/common/tools/sdk/rv64multi-tc/bin/../libexec/gcc/riscv64-unknown-elf/8.3.0/cc1plus -quiet -v -imultilib rv32imac/ilp32 -iprefix /nas/ei/share/TUEIEDA/LabSDS/ST23/common/tools/sdk/rv64multi-tc/bin/../lib/gcc/riscv64-unknown-elf/8.3.0/ -isysroot /nas/ei/share/TUEIEDA/LabSDS/ST23/common/tools/sdk/rv64multi-tc/bin/../riscv64-unknown-elf -D ETISS_LOGGER_ADDR=0xf0000000 -D __riscv__ /usr/local/labs/SDS/ST23/common/tools/cmake/share/cmake-3.19/Modules/CMakeCXXCompilerABI.cpp -quiet -dumpbase CMakeCXXCompilerABI.cpp -march=rv32imac -mabi=ilp32 -mcmodel=medany -auxbase-strip CMakeFiles/cmTC_b4807.dir/CMakeCXXCompilerABI.cpp.obj -version -o /tmp/ccrE9RQr.s
GNU C++14 (SiFive GCC 8.3.0-2020.04.0) version 8.3.0 (riscv64-unknown-elf)
	compiled by GNU C version 5.4.0 20160609, GMP version 6.1.0, MPFR version 3.1.4, MPC version 1.0.3, isl version isl-0.18-GMP

GGC heuristics: --param ggc-min-expand=30 --param ggc-min-heapsize=4096
ignoring duplicate directory "/nas/ei/share/TUEIEDA/LabSDS/ST23/common/tools/sdk/rv64multi-tc/bin/../lib/gcc/../../lib/gcc/riscv64-unknown-elf/8.3.0/../../../../riscv64-unknown-elf/include/c++/8.3.0"
ignoring duplicate directory "/nas/ei/share/TUEIEDA/LabSDS/ST23/common/tools/sdk/rv64multi-tc/bin/../lib/gcc/../../lib/gcc/riscv64-unknown-elf/8.3.0/../../../../riscv64-unknown-elf/include/c++/8.3.0/riscv64-unknown-elf/rv32imac/ilp32"
ignoring duplicate directory "/nas/ei/share/TUEIEDA/LabSDS/ST23/common/tools/sdk/rv64multi-tc/bin/../lib/gcc/../../lib/gcc/riscv64-unknown-elf/8.3.0/../../../../riscv64-unknown-elf/include/c++/8.3.0/backward"
ignoring duplicate directory "/nas/ei/share/TUEIEDA/LabSDS/ST23/common/tools/sdk/rv64multi-tc/bin/../lib/gcc/../../lib/gcc/riscv64-unknown-elf/8.3.0/include"
ignoring nonexistent directory "/nas/ei/share/TUEIEDA/LabSDS/ST23/common/tools/sdk/rv64multi-tc/bin/../riscv64-unknown-elf/usr/local/include"
ignoring duplicate directory "/nas/ei/share/TUEIEDA/LabSDS/ST23/common/tools/sdk/rv64multi-tc/bin/../lib/gcc/../../lib/gcc/riscv64-unknown-elf/8.3.0/include-fixed"
ignoring duplicate directory "/nas/ei/share/TUEIEDA/LabSDS/ST23/common/tools/sdk/rv64multi-tc/bin/../lib/gcc/../../lib/gcc/riscv64-unknown-elf/8.3.0/../../../../riscv64-unknown-elf/include"
ignoring duplicate directory "/nas/ei/share/TUEIEDA/LabSDS/ST23/common/tools/sdk/rv64multi-tc/bin/../riscv64-unknown-elf/include"
#include "..." search starts here:
#include <...> search starts here:
 /nas/ei/share/TUEIEDA/LabSDS/ST23/common/tools/sdk/rv64multi-tc/bin/../lib/gcc/riscv64-unknown-elf/8.3.0/../../../../riscv64-unknown-elf/include/c++/8.3.0
 /nas/ei/share/TUEIEDA/LabSDS/ST23/common/tools/sdk/rv64multi-tc/bin/../lib/gcc/riscv64-unknown-elf/8.3.0/../../../../riscv64-unknown-elf/include/c++/8.3.0/riscv64-unknown-elf/rv32imac/ilp32
 /nas/ei/share/TUEIEDA/LabSDS/ST23/common/tools/sdk/rv64multi-tc/bin/../lib/gcc/riscv64-unknown-elf/8.3.0/../../../../riscv64-unknown-elf/include/c++/8.3.0/backward
 /nas/ei/share/TUEIEDA/LabSDS/ST23/common/tools/sdk/rv64multi-tc/bin/../lib/gcc/riscv64-unknown-elf/8.3.0/include
 /nas/ei/share/TUEIEDA/LabSDS/ST23/common/tools/sdk/rv64multi-tc/bin/../lib/gcc/riscv64-unknown-elf/8.3.0/include-fixed
 /nas/ei/share/TUEIEDA/LabSDS/ST23/common/tools/sdk/rv64multi-tc/bin/../lib/gcc/riscv64-unknown-elf/8.3.0/../../../../riscv64-unknown-elf/include
End of search list.
GNU C++14 (SiFive GCC 8.3.0-2020.04.0) version 8.3.0 (riscv64-unknown-elf)
	compiled by GNU C version 5.4.0 20160609, GMP version 6.1.0, MPFR version 3.1.4, MPC version 1.0.3, isl version isl-0.18-GMP

GGC heuristics: --param ggc-min-expand=30 --param ggc-min-heapsize=4096
Compiler executable checksum: 2f1e9d73960693e4f314098b87040354
COLLECT_GCC_OPTIONS='-D' 'ETISS_LOGGER_ADDR=0xf0000000' '-D' '__riscv__' '-march=rv32imac' '-mabi=ilp32' '-mcmodel=medany' '-nostartfiles' '-v' '-o' 'CMakeFiles/cmTC_b4807.dir/CMakeCXXCompilerABI.cpp.obj' '-c'
 /nas/ei/share/TUEIEDA/LabSDS/ST23/common/tools/sdk/rv64multi-tc/bin/../lib/gcc/riscv64-unknown-elf/8.3.0/../../../../riscv64-unknown-elf/bin/as -v --traditional-format -march=rv32imac -mabi=ilp32 -o CMakeFiles/cmTC_b4807.dir/CMakeCXXCompilerABI.cpp.obj /tmp/ccrE9RQr.s
GNU assembler version 2.32 (riscv64-unknown-elf) using BFD version (SiFive Binutils 2.32.0-2020.04.0) 2.32
COMPILER_PATH=/nas/ei/share/TUEIEDA/LabSDS/ST23/common/tools/sdk/rv64multi-tc/bin/../libexec/gcc/riscv64-unknown-elf/8.3.0/:/nas/ei/share/TUEIEDA/LabSDS/ST23/common/tools/sdk/rv64multi-tc/bin/../libexec/gcc/:/nas/ei/share/TUEIEDA/LabSDS/ST23/common/tools/sdk/rv64multi-tc/bin/../lib/gcc/riscv64-unknown-elf/8.3.0/../../../../riscv64-unknown-elf/bin/
LIBRARY_PATH=/nas/ei/share/TUEIEDA/LabSDS/ST23/common/tools/sdk/rv64multi-tc/bin/../lib/gcc/riscv64-unknown-elf/8.3.0/rv32imac/ilp32/:/nas/ei/share/TUEIEDA/LabSDS/ST23/common/tools/sdk/rv64multi-tc/bin/../lib/gcc/riscv64-unknown-elf/8.3.0/../../../../riscv64-unknown-elf/lib/rv32imac/ilp32/:/nas/ei/share/TUEIEDA/LabSDS/ST23/common/tools/sdk/rv64multi-tc/bin/../riscv64-unknown-elf/lib/rv32imac/ilp32/:/nas/ei/share/TUEIEDA/LabSDS/ST23/common/tools/sdk/rv64multi-tc/bin/../lib/gcc/riscv64-unknown-elf/8.3.0/:/nas/ei/share/TUEIEDA/LabSDS/ST23/common/tools/sdk/rv64multi-tc/bin/../lib/gcc/:/nas/ei/share/TUEIEDA/LabSDS/ST23/common/tools/sdk/rv64multi-tc/bin/../lib/gcc/riscv64-unknown-elf/8.3.0/../../../../riscv64-unknown-elf/lib/:/nas/ei/share/TUEIEDA/LabSDS/ST23/common/tools/sdk/rv64multi-tc/bin/../riscv64-unknown-elf/lib/
COLLECT_GCC_OPTIONS='-D' 'ETISS_LOGGER_ADDR=0xf0000000' '-D' '__riscv__' '-march=rv32imac' '-mabi=ilp32' '-mcmodel=medany' '-nostartfiles' '-v' '-o' 'CMakeFiles/cmTC_b4807.dir/CMakeCXXCompilerABI.cpp.obj' '-c'
Linking CXX static library libcmTC_b4807.a
/nas/ei/share/TUEIEDA/LabSDS/ST23/common/tools/cmake/bin/cmake -P CMakeFiles/cmTC_b4807.dir/cmake_clean_target.cmake
/nas/ei/share/TUEIEDA/LabSDS/ST23/common/tools/cmake/bin/cmake -E cmake_link_script CMakeFiles/cmTC_b4807.dir/link.txt --verbose=1
/usr/local/labs/SDS/current/common/tools/sdk/riscv-gcc/bin/riscv64-unknown-elf-ar qc libcmTC_b4807.a CMakeFiles/cmTC_b4807.dir/CMakeCXXCompilerABI.cpp.obj
/usr/local/labs/SDS/current/common/tools/sdk/riscv-gcc/bin/riscv64-unknown-elf-ranlib libcmTC_b4807.a
make[1]: Leaving directory '/nas/ei/share/TUEIEDA/LabSDS/ST23/ge86qud/lab-module-1/sw/CMakeFiles/CMakeTmp'



Parsed CXX implicit include dir info from above output: rv=done
  found start of include info
  found start of implicit include info
    add: [/nas/ei/share/TUEIEDA/LabSDS/ST23/common/tools/sdk/rv64multi-tc/bin/../lib/gcc/riscv64-unknown-elf/8.3.0/../../../../riscv64-unknown-elf/include/c++/8.3.0]
    add: [/nas/ei/share/TUEIEDA/LabSDS/ST23/common/tools/sdk/rv64multi-tc/bin/../lib/gcc/riscv64-unknown-elf/8.3.0/../../../../riscv64-unknown-elf/include/c++/8.3.0/riscv64-unknown-elf/rv32imac/ilp32]
    add: [/nas/ei/share/TUEIEDA/LabSDS/ST23/common/tools/sdk/rv64multi-tc/bin/../lib/gcc/riscv64-unknown-elf/8.3.0/../../../../riscv64-unknown-elf/include/c++/8.3.0/backward]
    add: [/nas/ei/share/TUEIEDA/LabSDS/ST23/common/tools/sdk/rv64multi-tc/bin/../lib/gcc/riscv64-unknown-elf/8.3.0/include]
    add: [/nas/ei/share/TUEIEDA/LabSDS/ST23/common/tools/sdk/rv64multi-tc/bin/../lib/gcc/riscv64-unknown-elf/8.3.0/include-fixed]
    add: [/nas/ei/share/TUEIEDA/LabSDS/ST23/common/tools/sdk/rv64multi-tc/bin/../lib/gcc/riscv64-unknown-elf/8.3.0/../../../../riscv64-unknown-elf/include]
  end of search list found
  collapse include dir [/nas/ei/share/TUEIEDA/LabSDS/ST23/common/tools/sdk/rv64multi-tc/bin/../lib/gcc/riscv64-unknown-elf/8.3.0/../../../../riscv64-unknown-elf/include/c++/8.3.0] ==> [/usr/local/labs/SDS/ST23/common/tools/sdk/rv64multi-tc/riscv64-unknown-elf/include/c++/8.3.0]
  collapse include dir [/nas/ei/share/TUEIEDA/LabSDS/ST23/common/tools/sdk/rv64multi-tc/bin/../lib/gcc/riscv64-unknown-elf/8.3.0/../../../../riscv64-unknown-elf/include/c++/8.3.0/riscv64-unknown-elf/rv32imac/ilp32] ==> [/usr/local/labs/SDS/ST23/common/tools/sdk/rv64multi-tc/riscv64-unknown-elf/include/c++/8.3.0/riscv64-unknown-elf/rv32imac/ilp32]
  collapse include dir [/nas/ei/share/TUEIEDA/LabSDS/ST23/common/tools/sdk/rv64multi-tc/bin/../lib/gcc/riscv64-unknown-elf/8.3.0/../../../../riscv64-unknown-elf/include/c++/8.3.0/backward] ==> [/usr/local/labs/SDS/ST23/common/tools/sdk/rv64multi-tc/riscv64-unknown-elf/include/c++/8.3.0/backward]
  collapse include dir [/nas/ei/share/TUEIEDA/LabSDS/ST23/common/tools/sdk/rv64multi-tc/bin/../lib/gcc/riscv64-unknown-elf/8.3.0/include] ==> [/usr/local/labs/SDS/ST23/common/tools/sdk/rv64multi-tc/lib/gcc/riscv64-unknown-elf/8.3.0/include]
  collapse include dir [/nas/ei/share/TUEIEDA/LabSDS/ST23/common/tools/sdk/rv64multi-tc/bin/../lib/gcc/riscv64-unknown-elf/8.3.0/include-fixed] ==> [/usr/local/labs/SDS/ST23/common/tools/sdk/rv64multi-tc/lib/gcc/riscv64-unknown-elf/8.3.0/include-fixed]
  collapse include dir [/nas/ei/share/TUEIEDA/LabSDS/ST23/common/tools/sdk/rv64multi-tc/bin/../lib/gcc/riscv64-unknown-elf/8.3.0/../../../../riscv64-unknown-elf/include] ==> [/usr/local/labs/SDS/ST23/common/tools/sdk/rv64multi-tc/riscv64-unknown-elf/include]
  implicit include dirs: [/usr/local/labs/SDS/ST23/common/tools/sdk/rv64multi-tc/riscv64-unknown-elf/include/c++/8.3.0;/usr/local/labs/SDS/ST23/common/tools/sdk/rv64multi-tc/riscv64-unknown-elf/include/c++/8.3.0/riscv64-unknown-elf/rv32imac/ilp32;/usr/local/labs/SDS/ST23/common/tools/sdk/rv64multi-tc/riscv64-unknown-elf/include/c++/8.3.0/backward;/usr/local/labs/SDS/ST23/common/tools/sdk/rv64multi-tc/lib/gcc/riscv64-unknown-elf/8.3.0/include;/usr/local/labs/SDS/ST23/common/tools/sdk/rv64multi-tc/lib/gcc/riscv64-unknown-elf/8.3.0/include-fixed;/usr/local/labs/SDS/ST23/common/tools/sdk/rv64multi-tc/riscv64-unknown-elf/include]


Parsed CXX implicit link information from above output:
  link line regex: [^( *|.*[/\])(riscv64-unknown-elf-ld|CMAKE_LINK_STARTFILE-NOTFOUND|([^/\]+-)?ld|collect2)[^/\]*( |$)]
  ignore line: [Change Dir: /usr/local/labs/SDS/ST23/ge86qud/lab-module-1/sw/CMakeFiles/CMakeTmp]
  ignore line: []
  ignore line: [Run Build Command(s):/usr/bin/make cmTC_b4807/fast && /usr/bin/make  -f CMakeFiles/cmTC_b4807.dir/build.make CMakeFiles/cmTC_b4807.dir/build]
  ignore line: [make[1]: Entering directory '/nas/ei/share/TUEIEDA/LabSDS/ST23/ge86qud/lab-module-1/sw/CMakeFiles/CMakeTmp']
  ignore line: [Building CXX object CMakeFiles/cmTC_b4807.dir/CMakeCXXCompilerABI.cpp.obj]
  ignore line: [/usr/local/labs/SDS/current/common/tools/sdk/riscv-gcc//bin/riscv64-unknown-elf-g++ -DETISS_LOGGER_ADDR=0xf0000000 -D__riscv__  -march=rv32imac -mabi=ilp32 -mcmodel=medany -nostartfiles    -v -o CMakeFiles/cmTC_b4807.dir/CMakeCXXCompilerABI.cpp.obj -c /usr/local/labs/SDS/ST23/common/tools/cmake/share/cmake-3.19/Modules/CMakeCXXCompilerABI.cpp]
  ignore line: [Using built-in specs.]
  ignore line: [COLLECT_GCC=/usr/local/labs/SDS/current/common/tools/sdk/riscv-gcc//bin/riscv64-unknown-elf-g++]
  ignore line: [Target: riscv64-unknown-elf]
  ignore line: [Configured with: /scratch/jenkins/workspace/tpp-freedom-tools/tpp03--toolchain-only-package--scratch-carsteng/obj/x86_64-linux-ubuntu14/build/riscv-gnu-toolchain/riscv-gcc/configure --target=riscv64-unknown-elf --host=x86_64-linux-gnu --prefix=/scratch/jenkins/workspace/tpp-freedom-tools/tpp03--toolchain-only-package--scratch-carsteng/obj/x86_64-linux-ubuntu14/install/riscv64-unknown-elf-gcc-8.3.0-2020.04.0-x86_64-linux-ubuntu14 --with-pkgversion='SiFive GCC 8.3.0-2020.04.0' --with-bugurl=https://github.com/sifive/freedom-tools/issues --disable-shared --disable-threads --enable-languages=c c++ --enable-tls --with-newlib --with-sysroot=/scratch/jenkins/workspace/tpp-freedom-tools/tpp03--toolchain-only-package--scratch-carsteng/obj/x86_64-linux-ubuntu14/install/riscv64-unknown-elf-gcc-8.3.0-2020.04.0-x86_64-linux-ubuntu14/riscv64-unknown-elf --with-native-system-header-dir=/include --disable-libmudflap --disable-libssp --disable-libquadmath --disable-libgomp --disable-nls --disable-tm-clone-registry --src=../riscv-gcc --with-system-zlib --enable-checking=yes --enable-multilib --with-abi=lp64d --with-arch=rv64imafdc CFLAGS=-O2 CXXFLAGS=-O2 'CFLAGS_FOR_TARGET=-Os  -mcmodel=medany' 'CXXFLAGS_FOR_TARGET=-Os  -mcmodel=medany']
  ignore line: [Thread model: single]
  ignore line: [gcc version 8.3.0 (SiFive GCC 8.3.0-2020.04.0) ]
  ignore line: [COLLECT_GCC_OPTIONS='-D' 'ETISS_LOGGER_ADDR=0xf0000000' '-D' '__riscv__' '-march=rv32imac' '-mabi=ilp32' '-mcmodel=medany' '-nostartfiles' '-v' '-o' 'CMakeFiles/cmTC_b4807.dir/CMakeCXXCompilerABI.cpp.obj' '-c']
  ignore line: [ /nas/ei/share/TUEIEDA/LabSDS/ST23/common/tools/sdk/rv64multi-tc/bin/../libexec/gcc/riscv64-unknown-elf/8.3.0/cc1plus -quiet -v -imultilib rv32imac/ilp32 -iprefix /nas/ei/share/TUEIEDA/LabSDS/ST23/common/tools/sdk/rv64multi-tc/bin/../lib/gcc/riscv64-unknown-elf/8.3.0/ -isysroot /nas/ei/share/TUEIEDA/LabSDS/ST23/common/tools/sdk/rv64multi-tc/bin/../riscv64-unknown-elf -D ETISS_LOGGER_ADDR=0xf0000000 -D __riscv__ /usr/local/labs/SDS/ST23/common/tools/cmake/share/cmake-3.19/Modules/CMakeCXXCompilerABI.cpp -quiet -dumpbase CMakeCXXCompilerABI.cpp -march=rv32imac -mabi=ilp32 -mcmodel=medany -auxbase-strip CMakeFiles/cmTC_b4807.dir/CMakeCXXCompilerABI.cpp.obj -version -o /tmp/ccrE9RQr.s]
  ignore line: [GNU C++14 (SiFive GCC 8.3.0-2020.04.0) version 8.3.0 (riscv64-unknown-elf)]
  ignore line: [	compiled by GNU C version 5.4.0 20160609  GMP version 6.1.0  MPFR version 3.1.4  MPC version 1.0.3  isl version isl-0.18-GMP]
  ignore line: []
  ignore line: [GGC heuristics: --param ggc-min-expand=30 --param ggc-min-heapsize=4096]
  ignore line: [ignoring duplicate directory "/nas/ei/share/TUEIEDA/LabSDS/ST23/common/tools/sdk/rv64multi-tc/bin/../lib/gcc/../../lib/gcc/riscv64-unknown-elf/8.3.0/../../../../riscv64-unknown-elf/include/c++/8.3.0"]
  ignore line: [ignoring duplicate directory "/nas/ei/share/TUEIEDA/LabSDS/ST23/common/tools/sdk/rv64multi-tc/bin/../lib/gcc/../../lib/gcc/riscv64-unknown-elf/8.3.0/../../../../riscv64-unknown-elf/include/c++/8.3.0/riscv64-unknown-elf/rv32imac/ilp32"]
  ignore line: [ignoring duplicate directory "/nas/ei/share/TUEIEDA/LabSDS/ST23/common/tools/sdk/rv64multi-tc/bin/../lib/gcc/../../lib/gcc/riscv64-unknown-elf/8.3.0/../../../../riscv64-unknown-elf/include/c++/8.3.0/backward"]
  ignore line: [ignoring duplicate directory "/nas/ei/share/TUEIEDA/LabSDS/ST23/common/tools/sdk/rv64multi-tc/bin/../lib/gcc/../../lib/gcc/riscv64-unknown-elf/8.3.0/include"]
  ignore line: [ignoring nonexistent directory "/nas/ei/share/TUEIEDA/LabSDS/ST23/common/tools/sdk/rv64multi-tc/bin/../riscv64-unknown-elf/usr/local/include"]
  ignore line: [ignoring duplicate directory "/nas/ei/share/TUEIEDA/LabSDS/ST23/common/tools/sdk/rv64multi-tc/bin/../lib/gcc/../../lib/gcc/riscv64-unknown-elf/8.3.0/include-fixed"]
  ignore line: [ignoring duplicate directory "/nas/ei/share/TUEIEDA/LabSDS/ST23/common/tools/sdk/rv64multi-tc/bin/../lib/gcc/../../lib/gcc/riscv64-unknown-elf/8.3.0/../../../../riscv64-unknown-elf/include"]
  ignore line: [ignoring duplicate directory "/nas/ei/share/TUEIEDA/LabSDS/ST23/common/tools/sdk/rv64multi-tc/bin/../riscv64-unknown-elf/include"]
  ignore line: [#include "..." search starts here:]
  ignore line: [#include <...> search starts here:]
  ignore line: [ /nas/ei/share/TUEIEDA/LabSDS/ST23/common/tools/sdk/rv64multi-tc/bin/../lib/gcc/riscv64-unknown-elf/8.3.0/../../../../riscv64-unknown-elf/include/c++/8.3.0]
  ignore line: [ /nas/ei/share/TUEIEDA/LabSDS/ST23/common/tools/sdk/rv64multi-tc/bin/../lib/gcc/riscv64-unknown-elf/8.3.0/../../../../riscv64-unknown-elf/include/c++/8.3.0/riscv64-unknown-elf/rv32imac/ilp32]
  ignore line: [ /nas/ei/share/TUEIEDA/LabSDS/ST23/common/tools/sdk/rv64multi-tc/bin/../lib/gcc/riscv64-unknown-elf/8.3.0/../../../../riscv64-unknown-elf/include/c++/8.3.0/backward]
  ignore line: [ /nas/ei/share/TUEIEDA/LabSDS/ST23/common/tools/sdk/rv64multi-tc/bin/../lib/gcc/riscv64-unknown-elf/8.3.0/include]
  ignore line: [ /nas/ei/share/TUEIEDA/LabSDS/ST23/common/tools/sdk/rv64multi-tc/bin/../lib/gcc/riscv64-unknown-elf/8.3.0/include-fixed]
  ignore line: [ /nas/ei/share/TUEIEDA/LabSDS/ST23/common/tools/sdk/rv64multi-tc/bin/../lib/gcc/riscv64-unknown-elf/8.3.0/../../../../riscv64-unknown-elf/include]
  ignore line: [End of search list.]
  ignore line: [GNU C++14 (SiFive GCC 8.3.0-2020.04.0) version 8.3.0 (riscv64-unknown-elf)]
  ignore line: [	compiled by GNU C version 5.4.0 20160609  GMP version 6.1.0  MPFR version 3.1.4  MPC version 1.0.3  isl version isl-0.18-GMP]
  ignore line: []
  ignore line: [GGC heuristics: --param ggc-min-expand=30 --param ggc-min-heapsize=4096]
  ignore line: [Compiler executable checksum: 2f1e9d73960693e4f314098b87040354]
  ignore line: [COLLECT_GCC_OPTIONS='-D' 'ETISS_LOGGER_ADDR=0xf0000000' '-D' '__riscv__' '-march=rv32imac' '-mabi=ilp32' '-mcmodel=medany' '-nostartfiles' '-v' '-o' 'CMakeFiles/cmTC_b4807.dir/CMakeCXXCompilerABI.cpp.obj' '-c']
  ignore line: [ /nas/ei/share/TUEIEDA/LabSDS/ST23/common/tools/sdk/rv64multi-tc/bin/../lib/gcc/riscv64-unknown-elf/8.3.0/../../../../riscv64-unknown-elf/bin/as -v --traditional-format -march=rv32imac -mabi=ilp32 -o CMakeFiles/cmTC_b4807.dir/CMakeCXXCompilerABI.cpp.obj /tmp/ccrE9RQr.s]
  ignore line: [GNU assembler version 2.32 (riscv64-unknown-elf) using BFD version (SiFive Binutils 2.32.0-2020.04.0) 2.32]
  ignore line: [COMPILER_PATH=/nas/ei/share/TUEIEDA/LabSDS/ST23/common/tools/sdk/rv64multi-tc/bin/../libexec/gcc/riscv64-unknown-elf/8.3.0/:/nas/ei/share/TUEIEDA/LabSDS/ST23/common/tools/sdk/rv64multi-tc/bin/../libexec/gcc/:/nas/ei/share/TUEIEDA/LabSDS/ST23/common/tools/sdk/rv64multi-tc/bin/../lib/gcc/riscv64-unknown-elf/8.3.0/../../../../riscv64-unknown-elf/bin/]
  ignore line: [LIBRARY_PATH=/nas/ei/share/TUEIEDA/LabSDS/ST23/common/tools/sdk/rv64multi-tc/bin/../lib/gcc/riscv64-unknown-elf/8.3.0/rv32imac/ilp32/:/nas/ei/share/TUEIEDA/LabSDS/ST23/common/tools/sdk/rv64multi-tc/bin/../lib/gcc/riscv64-unknown-elf/8.3.0/../../../../riscv64-unknown-elf/lib/rv32imac/ilp32/:/nas/ei/share/TUEIEDA/LabSDS/ST23/common/tools/sdk/rv64multi-tc/bin/../riscv64-unknown-elf/lib/rv32imac/ilp32/:/nas/ei/share/TUEIEDA/LabSDS/ST23/common/tools/sdk/rv64multi-tc/bin/../lib/gcc/riscv64-unknown-elf/8.3.0/:/nas/ei/share/TUEIEDA/LabSDS/ST23/common/tools/sdk/rv64multi-tc/bin/../lib/gcc/:/nas/ei/share/TUEIEDA/LabSDS/ST23/common/tools/sdk/rv64multi-tc/bin/../lib/gcc/riscv64-unknown-elf/8.3.0/../../../../riscv64-unknown-elf/lib/:/nas/ei/share/TUEIEDA/LabSDS/ST23/common/tools/sdk/rv64multi-tc/bin/../riscv64-unknown-elf/lib/]
  ignore line: [COLLECT_GCC_OPTIONS='-D' 'ETISS_LOGGER_ADDR=0xf0000000' '-D' '__riscv__' '-march=rv32imac' '-mabi=ilp32' '-mcmodel=medany' '-nostartfiles' '-v' '-o' 'CMakeFiles/cmTC_b4807.dir/CMakeCXXCompilerABI.cpp.obj' '-c']
  ignore line: [Linking CXX static library libcmTC_b4807.a]
  ignore line: [/nas/ei/share/TUEIEDA/LabSDS/ST23/common/tools/cmake/bin/cmake -P CMakeFiles/cmTC_b4807.dir/cmake_clean_target.cmake]
  ignore line: [/nas/ei/share/TUEIEDA/LabSDS/ST23/common/tools/cmake/bin/cmake -E cmake_link_script CMakeFiles/cmTC_b4807.dir/link.txt --verbose=1]
  ignore line: [/usr/local/labs/SDS/current/common/tools/sdk/riscv-gcc/bin/riscv64-unknown-elf-ar qc libcmTC_b4807.a CMakeFiles/cmTC_b4807.dir/CMakeCXXCompilerABI.cpp.obj]
  ignore line: [/usr/local/labs/SDS/current/common/tools/sdk/riscv-gcc/bin/riscv64-unknown-elf-ranlib libcmTC_b4807.a]
  ignore line: [make[1]: Leaving directory '/nas/ei/share/TUEIEDA/LabSDS/ST23/ge86qud/lab-module-1/sw/CMakeFiles/CMakeTmp']
  ignore line: []
  ignore line: []
  implicit libs: []
  implicit dirs: []
  implicit fwks: []


