

================================================================
== Vivado HLS Report for 'dct'
================================================================
* Date:           Mon May 22 18:14:11 2023

* Version:        2019.1 (Build 2552052 on Fri May 24 15:28:33 MDT 2019)
* Project:        dct_prj
* Solution:       solution2
* Product family: virtexuplus
* Target device:  xcvu9p-flgb2104-1-e


================================================================
== Performance Estimates
================================================================
+ Timing (ns): 
    * Summary: 
    +--------+-------+----------+------------+
    |  Clock | Target| Estimated| Uncertainty|
    +--------+-------+----------+------------+
    |ap_clk  |   8.00|     4.143|        1.00|
    +--------+-------+----------+------------+

+ Latency (clock cycles): 
    * Summary: 
    +------+------+------+------+---------+
    |   Latency   |   Interval  | Pipeline|
    |  min |  max |  min |  max |   Type  |
    +------+------+------+------+---------+
    |  1802|  1802|  1802|  1802|   none  |
    +------+------+------+------+---------+

    + Detail: 
        * Instance: 
        +-------------------+--------+------+------+------+------+---------+
        |                   |        |   Latency   |   Interval  | Pipeline|
        |      Instance     | Module |  min |  max |  min |  max |   Type  |
        +-------------------+--------+------+------+------+------+---------+
        |grp_dct_2d_fu_181  |dct_2d  |  1590|  1590|  1590|  1590|   none  |
        +-------------------+--------+------+------+------+------+---------+

        * Loop: 
        +---------------------------+-----+-----+----------+-----------+-----------+------+----------+
        |                           |  Latency  | Iteration|  Initiation Interval  | Trip |          |
        |         Loop Name         | min | max |  Latency |  achieved |   target  | Count| Pipelined|
        +---------------------------+-----+-----+----------+-----------+-----------+------+----------+
        |- RD_Loop_Row              |  144|  144|        18|          -|          -|     8|    no    |
        | + RD_Loop_Col             |   16|   16|         2|          -|          -|     8|    no    |
        |- WR_Loop_Row_WR_Loop_Col  |   64|   64|         2|          1|          1|    64|    yes   |
        +---------------------------+-----+-----+----------+-----------+-----------+------+----------+



================================================================
== Utilization Estimates
================================================================
* Summary: 
+---------------------+---------+-------+---------+---------+-----+
|         Name        | BRAM_18K| DSP48E|    FF   |   LUT   | URAM|
+---------------------+---------+-------+---------+---------+-----+
|DSP                  |        -|      -|        -|        -|    -|
|Expression           |        -|      -|        0|      179|    -|
|FIFO                 |        -|      -|        -|        -|    -|
|Instance             |        3|      1|      162|      796|    0|
|Memory               |        2|      -|        0|        0|    0|
|Multiplexer          |        -|      -|        -|      179|    -|
|Register             |        -|      -|       67|        -|    -|
+---------------------+---------+-------+---------+---------+-----+
|Total                |        5|      1|      229|     1154|    0|
+---------------------+---------+-------+---------+---------+-----+
|Available SLR        |     1440|   2280|   788160|   394080|  320|
+---------------------+---------+-------+---------+---------+-----+
|Utilization SLR (%)  |    ~0   |   ~0  |    ~0   |    ~0   |    0|
+---------------------+---------+-------+---------+---------+-----+
|Available            |     4320|   6840|  2364480|  1182240|  960|
+---------------------+---------+-------+---------+---------+-----+
|Utilization (%)      |    ~0   |   ~0  |    ~0   |    ~0   |    0|
+---------------------+---------+-------+---------+---------+-----+

+ Detail: 
    * Instance: 
    +-------------------+--------+---------+-------+-----+-----+-----+
    |      Instance     | Module | BRAM_18K| DSP48E|  FF | LUT | URAM|
    +-------------------+--------+---------+-------+-----+-----+-----+
    |grp_dct_2d_fu_181  |dct_2d  |        3|      1|  162|  796|    0|
    +-------------------+--------+---------+-------+-----+-----+-----+
    |Total              |        |        3|      1|  162|  796|    0|
    +-------------------+--------+---------+-------+-----+-----+-----+

    * DSP48E: 
    N/A

    * Memory: 
    +--------------+-------------------+---------+---+----+-----+------+-----+------+-------------+
    |    Memory    |       Module      | BRAM_18K| FF| LUT| URAM| Words| Bits| Banks| W*Bits*Banks|
    +--------------+-------------------+---------+---+----+-----+------+-----+------+-------------+
    |buf_2d_in_U   |dct_2d_row_outbuf  |        1|  0|   0|    0|    64|   16|     1|         1024|
    |buf_2d_out_U  |dct_2d_row_outbuf  |        1|  0|   0|    0|    64|   16|     1|         1024|
    +--------------+-------------------+---------+---+----+-----+------+-----+------+-------------+
    |Total         |                   |        2|  0|   0|    0|   128|   32|     2|         2048|
    +--------------+-------------------+---------+---+----+-----+------+-----+------+-------------+

    * FIFO: 
    N/A

    * Expression: 
    +--------------------------+----------+-------+---+----+------------+------------+
    |       Variable Name      | Operation| DSP48E| FF| LUT| Bitwidth P0| Bitwidth P1|
    +--------------------------+----------+-------+---+----+------------+------------+
    |add_ln106_1_fu_255_p2     |     +    |      0|  0|  15|           8|           8|
    |add_ln106_fu_241_p2       |     +    |      0|  0|  15|           6|           6|
    |add_ln115_fu_270_p2       |     +    |      0|  0|  15|           7|           1|
    |add_ln118_1_fu_336_p2     |     +    |      0|  0|  15|           8|           8|
    |add_ln118_fu_347_p2       |     +    |      0|  0|  15|           6|           6|
    |c_1_fu_235_p2             |     +    |      0|  0|  12|           4|           1|
    |c_fu_353_p2               |     +    |      0|  0|  12|           1|           4|
    |r_1_fu_195_p2             |     +    |      0|  0|  12|           4|           1|
    |r_fu_276_p2               |     +    |      0|  0|  12|           1|           4|
    |icmp_ln103_fu_189_p2      |   icmp   |      0|  0|  11|           4|           5|
    |icmp_ln105_fu_229_p2      |   icmp   |      0|  0|  11|           4|           5|
    |icmp_ln115_fu_264_p2      |   icmp   |      0|  0|  11|           7|           8|
    |icmp_ln117_fu_282_p2      |   icmp   |      0|  0|  11|           4|           5|
    |select_ln115_1_fu_296_p3  |  select  |      0|  0|   4|           1|           4|
    |select_ln115_fu_288_p3    |  select  |      0|  0|   4|           1|           1|
    |ap_enable_pp0             |    xor   |      0|  0|   2|           1|           2|
    |ap_enable_reg_pp0_iter1   |    xor   |      0|  0|   2|           2|           1|
    +--------------------------+----------+-------+---+----+------------+------------+
    |Total                     |          |      0|  0| 179|          69|          70|
    +--------------------------+----------+-------+---+----+------------+------------+

    * Multiplexer: 
    +---------------------------------+----+-----------+-----+-----------+
    |               Name              | LUT| Input Size| Bits| Total Bits|
    +---------------------------------+----+-----------+-----+-----------+
    |ap_NS_fsm                        |  41|          8|    1|          8|
    |ap_enable_reg_pp0_iter1          |  15|          3|    1|          3|
    |ap_phi_mux_r_0_i2_phi_fu_163_p4  |   9|          2|    4|          8|
    |buf_2d_in_address0               |  15|          3|    6|         18|
    |buf_2d_in_ce0                    |  15|          3|    1|          3|
    |buf_2d_out_address0              |  15|          3|    6|         18|
    |buf_2d_out_ce0                   |  15|          3|    1|          3|
    |buf_2d_out_we0                   |   9|          2|    1|          2|
    |c_0_i4_reg_170                   |   9|          2|    4|          8|
    |c_0_i_reg_137                    |   9|          2|    4|          8|
    |indvar_flatten_reg_148           |   9|          2|    7|         14|
    |r_0_i2_reg_159                   |   9|          2|    4|          8|
    |r_0_i_reg_126                    |   9|          2|    4|          8|
    +---------------------------------+----+-----------+-----+-----------+
    |Total                            | 179|         37|   44|        109|
    +---------------------------------+----+-----------+-----+-----------+

    * Register: 
    +--------------------------------+---+----+-----+-----------+
    |              Name              | FF| LUT| Bits| Const Bits|
    +--------------------------------+---+----+-----+-----------+
    |add_ln106_1_reg_394             |  8|   0|    8|          0|
    |add_ln118_reg_418               |  6|   0|    6|          0|
    |ap_CS_fsm                       |  7|   0|    7|          0|
    |ap_enable_reg_pp0_iter0         |  1|   0|    1|          0|
    |ap_enable_reg_pp0_iter1         |  1|   0|    1|          0|
    |c_0_i4_reg_170                  |  4|   0|    4|          0|
    |c_0_i_reg_137                   |  4|   0|    4|          0|
    |c_1_reg_384                     |  4|   0|    4|          0|
    |grp_dct_2d_fu_181_ap_start_reg  |  1|   0|    1|          0|
    |icmp_ln115_reg_399              |  1|   0|    1|          0|
    |indvar_flatten_reg_148          |  7|   0|    7|          0|
    |r_0_i2_reg_159                  |  4|   0|    4|          0|
    |r_0_i_reg_126                   |  4|   0|    4|          0|
    |r_1_reg_366                     |  4|   0|    4|          0|
    |select_ln115_1_reg_408          |  4|   0|    4|          0|
    |shl_ln_reg_371                  |  3|   0|    6|          3|
    |zext_ln105_1_reg_376            |  4|   0|    8|          4|
    +--------------------------------+---+----+-----+-----------+
    |Total                           | 67|   0|   74|          7|
    +--------------------------------+---+----+-----+-----------+



================================================================
== Interface
================================================================
* Summary: 
+-------------------+-----+-----+------------+--------------+--------------+
|     RTL Ports     | Dir | Bits|  Protocol  | Source Object|    C Type    |
+-------------------+-----+-----+------------+--------------+--------------+
|ap_clk             |  in |    1| ap_ctrl_hs |      dct     | return value |
|ap_rst             |  in |    1| ap_ctrl_hs |      dct     | return value |
|ap_start           |  in |    1| ap_ctrl_hs |      dct     | return value |
|ap_done            | out |    1| ap_ctrl_hs |      dct     | return value |
|ap_idle            | out |    1| ap_ctrl_hs |      dct     | return value |
|ap_ready           | out |    1| ap_ctrl_hs |      dct     | return value |
|input_r_address0   | out |    6|  ap_memory |    input_r   |     array    |
|input_r_ce0        | out |    1|  ap_memory |    input_r   |     array    |
|input_r_q0         |  in |   16|  ap_memory |    input_r   |     array    |
|output_r_address0  | out |    6|  ap_memory |   output_r   |     array    |
|output_r_ce0       | out |    1|  ap_memory |   output_r   |     array    |
|output_r_we0       | out |    1|  ap_memory |   output_r   |     array    |
|output_r_d0        | out |   16|  ap_memory |   output_r   |     array    |
+-------------------+-----+-----+------------+--------------+--------------+

