

================================================================
== Vivado HLS Report for 'aes_ha'
================================================================
* Date:           Tue Jul  4 10:55:31 2023

* Version:        2019.1 (Build 2552052 on Fri May 24 15:28:33 MDT 2019)
* Project:        aes_ha_basic_prj
* Solution:       sol2
* Product family: spartan7
* Target device:  xc7s15-ftgb196-2


================================================================
== Performance Estimates
================================================================
+ Timing (ns): 
    * Summary: 
    +--------+-------+----------+------------+
    |  Clock | Target| Estimated| Uncertainty|
    +--------+-------+----------+------------+
    |ap_clk  |  10.00|     7.173|        1.25|
    +--------+-------+----------+------------+

+ Latency (clock cycles): 
    * Summary: 
    +-----+-----+-----+-----+----------+
    |  Latency  |  Interval | Pipeline |
    | min | max | min | max |   Type   |
    +-----+-----+-----+-----+----------+
    |  225|  225|  226|  226| function |
    +-----+-----+-----+-----+----------+

    + Detail: 
        * Instance: 
        +---------------------------------+----------------------+-----+-----+-----+-----+----------+
        |                                 |                      |  Latency  |  Interval | Pipeline |
        |             Instance            |        Module        | min | max | min | max |   Type   |
        +---------------------------------+----------------------+-----+-----+-----+-----+----------+
        |grp_KeyExpansion_fu_515          |KeyExpansion          |   92|   92|   88|   88| function |
        |grp_AES_CTR_xcrypt_buffe_fu_525  |AES_CTR_xcrypt_buffe  |  115|  115|  108|  108| function |
        +---------------------------------+----------------------+-----+-----+-----+-----+----------+

        * Loop: 
        N/A



================================================================
== Utilization Estimates
================================================================
* Summary: 
+-----------------+---------+-------+-------+------+-----+
|       Name      | BRAM_18K| DSP48E|   FF  |  LUT | URAM|
+-----------------+---------+-------+-------+------+-----+
|DSP              |        -|      -|      -|     -|    -|
|Expression       |        -|      -|      -|     -|    -|
|FIFO             |        -|      -|      -|     -|    -|
|Instance         |       15|      -|   2719|  7525|    -|
|Memory           |        2|      -|      0|     0|    0|
|Multiplexer      |        -|      -|      -|  1745|    -|
|Register         |        -|      -|    539|     -|    -|
+-----------------+---------+-------+-------+------+-----+
|Total            |       17|      0|   3258|  9270|    0|
+-----------------+---------+-------+-------+------+-----+
|Available        |       20|     20|  16000|  8000|    0|
+-----------------+---------+-------+-------+------+-----+
|Utilization (%)  |       85|      0|     20|   115|    0|
+-----------------+---------+-------+-------+------+-----+

+ Detail: 
    * Instance: 
    +---------------------------------+----------------------+---------+-------+------+------+-----+
    |             Instance            |        Module        | BRAM_18K| DSP48E|  FF  |  LUT | URAM|
    +---------------------------------+----------------------+---------+-------+------+------+-----+
    |grp_AES_CTR_xcrypt_buffe_fu_525  |AES_CTR_xcrypt_buffe  |        8|      0|  1121|  3741|    0|
    |grp_KeyExpansion_fu_515          |KeyExpansion          |        1|      0|  1322|  3534|    0|
    |aes_ha_slv_s_axi_U               |aes_ha_slv_s_axi      |        6|      0|   276|   250|    0|
    +---------------------------------+----------------------+---------+-------+------+------+-----+
    |Total                            |                      |       15|      0|  2719|  7525|    0|
    +---------------------------------+----------------------+---------+-------+------+------+-----+

    * DSP48E: 
    N/A

    * Memory: 
    +----------------+---------------------+---------+---+----+-----+------+-----+------+-------------+
    |     Memory     |        Module       | BRAM_18K| FF| LUT| URAM| Words| Bits| Banks| W*Bits*Banks|
    +----------------+---------------------+---------+---+----+-----+------+-----+------+-------------+
    |ctx_Iv_U        |aes_ha_ctx_Iv        |        1|  0|   0|    0|    16|    8|     1|          128|
    |ctx_RoundKey_U  |aes_ha_ctx_RoundKey  |        1|  0|   0|    0|   176|    8|     1|         1408|
    +----------------+---------------------+---------+---+----+-----+------+-----+------+-------------+
    |Total           |                     |        2|  0|   0|    0|   192|   16|     2|         1536|
    +----------------+---------------------+---------+---+----+-----+------+-----+------+-------------+

    * FIFO: 
    N/A

    * Expression: 
    N/A

    * Multiplexer: 
    +-----------------------+-----+-----------+-----+-----------+
    |          Name         | LUT | Input Size| Bits| Total Bits|
    +-----------------------+-----+-----------+-----+-----------+
    |ap_NS_fsm              |  973|        227|    1|        227|
    |ctx_Iv_address0        |  121|         26|    4|        104|
    |ctx_Iv_address1        |   47|         10|    4|         40|
    |ctx_Iv_ce0             |   15|          3|    1|          3|
    |ctx_Iv_ce1             |   15|          3|    1|          3|
    |ctx_Iv_d0              |   15|          3|    8|         24|
    |ctx_Iv_we0             |   15|          3|    1|          3|
    |ctx_Iv_we1             |    9|          2|    1|          2|
    |ctx_RoundKey_address0  |   15|          3|    8|         24|
    |ctx_RoundKey_address1  |   15|          3|    8|         24|
    |ctx_RoundKey_ce0       |   15|          3|    1|          3|
    |ctx_RoundKey_ce1       |   15|          3|    1|          3|
    |ctx_RoundKey_we0       |    9|          2|    1|          2|
    |ctx_RoundKey_we1       |    9|          2|    1|          2|
    |inout_r_address0       |  149|         33|    4|        132|
    |inout_r_d0             |   85|         17|    8|        136|
    |iv_address0            |  149|         33|    4|        132|
    |iv_d0                  |   47|         10|    8|         80|
    |reg_554                |    9|          2|    8|         16|
    |reg_560                |    9|          2|    8|         16|
    |reg_566                |    9|          2|    8|         16|
    +-----------------------+-----+-----------+-----+-----------+
    |Total                  | 1745|        392|   89|        992|
    +-----------------------+-----+-----------+-----+-----------+

    * Register: 
    +----------------------------------------------+-----+----+-----+-----------+
    |                     Name                     |  FF | LUT| Bits| Const Bits|
    +----------------------------------------------+-----+----+-----+-----------+
    |ap_CS_fsm                                     |  226|   0|  226|          0|
    |ctx_Iv_load_11_reg_1037                       |    8|   0|    8|          0|
    |ctx_Iv_load_13_reg_1042                       |    8|   0|    8|          0|
    |ctx_Iv_load_15_reg_1047                       |    8|   0|    8|          0|
    |ctx_Iv_load_9_reg_1032                        |    8|   0|    8|          0|
    |grp_AES_CTR_xcrypt_buffe_fu_525_ap_start_reg  |    1|   0|    1|          0|
    |reg_549                                       |    8|   0|    8|          0|
    |reg_554                                       |    8|   0|    8|          0|
    |reg_560                                       |    8|   0|    8|          0|
    |reg_566                                       |    8|   0|    8|          0|
    |text_0_reg_657                                |    8|   0|    8|          0|
    |text_10_1_reg_977                             |    8|   0|    8|          0|
    |text_10_reg_857                               |    8|   0|    8|          0|
    |text_11_1_reg_972                             |    8|   0|    8|          0|
    |text_11_reg_877                               |    8|   0|    8|          0|
    |text_12_1_reg_967                             |    8|   0|    8|          0|
    |text_12_reg_897                               |    8|   0|    8|          0|
    |text_13_1_reg_962                             |    8|   0|    8|          0|
    |text_13_reg_917                               |    8|   0|    8|          0|
    |text_14_1_reg_957                             |    8|   0|    8|          0|
    |text_14_reg_937                               |    8|   0|    8|          0|
    |text_15_1_reg_1027                            |    8|   0|    8|          0|
    |text_15_reg_952                               |    8|   0|    8|          0|
    |text_1_1_reg_1022                             |    8|   0|    8|          0|
    |text_1_reg_677                                |    8|   0|    8|          0|
    |text_2_1_reg_1017                             |    8|   0|    8|          0|
    |text_2_reg_697                                |    8|   0|    8|          0|
    |text_3_1_reg_1012                             |    8|   0|    8|          0|
    |text_3_reg_717                                |    8|   0|    8|          0|
    |text_4_1_reg_1007                             |    8|   0|    8|          0|
    |text_4_reg_737                                |    8|   0|    8|          0|
    |text_5_1_reg_1002                             |    8|   0|    8|          0|
    |text_5_reg_757                                |    8|   0|    8|          0|
    |text_6_1_reg_997                              |    8|   0|    8|          0|
    |text_6_reg_777                                |    8|   0|    8|          0|
    |text_7_1_reg_992                              |    8|   0|    8|          0|
    |text_7_reg_797                                |    8|   0|    8|          0|
    |text_8_1_reg_987                              |    8|   0|    8|          0|
    |text_8_reg_817                                |    8|   0|    8|          0|
    |text_9_1_reg_982                              |    8|   0|    8|          0|
    |text_9_reg_837                                |    8|   0|    8|          0|
    +----------------------------------------------+-----+----+-----+-----------+
    |Total                                         |  539|   0|  539|          0|
    +----------------------------------------------+-----+----+-----+-----------+



================================================================
== Interface
================================================================
* Summary: 
+-------------------+-----+-----+------------+--------------+--------------+
|     RTL Ports     | Dir | Bits|  Protocol  | Source Object|    C Type    |
+-------------------+-----+-----+------------+--------------+--------------+
|s_axi_slv_AWVALID  |  in |    1|    s_axi   |      slv     |     array    |
|s_axi_slv_AWREADY  | out |    1|    s_axi   |      slv     |     array    |
|s_axi_slv_AWADDR   |  in |    6|    s_axi   |      slv     |     array    |
|s_axi_slv_WVALID   |  in |    1|    s_axi   |      slv     |     array    |
|s_axi_slv_WREADY   | out |    1|    s_axi   |      slv     |     array    |
|s_axi_slv_WDATA    |  in |   32|    s_axi   |      slv     |     array    |
|s_axi_slv_WSTRB    |  in |    4|    s_axi   |      slv     |     array    |
|s_axi_slv_ARVALID  |  in |    1|    s_axi   |      slv     |     array    |
|s_axi_slv_ARREADY  | out |    1|    s_axi   |      slv     |     array    |
|s_axi_slv_ARADDR   |  in |    6|    s_axi   |      slv     |     array    |
|s_axi_slv_RVALID   | out |    1|    s_axi   |      slv     |     array    |
|s_axi_slv_RREADY   |  in |    1|    s_axi   |      slv     |     array    |
|s_axi_slv_RDATA    | out |   32|    s_axi   |      slv     |     array    |
|s_axi_slv_RRESP    | out |    2|    s_axi   |      slv     |     array    |
|s_axi_slv_BVALID   | out |    1|    s_axi   |      slv     |     array    |
|s_axi_slv_BREADY   |  in |    1|    s_axi   |      slv     |     array    |
|s_axi_slv_BRESP    | out |    2|    s_axi   |      slv     |     array    |
|ap_clk             |  in |    1| ap_ctrl_hs |    aes_ha    | return value |
|ap_rst_n           |  in |    1| ap_ctrl_hs |    aes_ha    | return value |
|interrupt          | out |    1| ap_ctrl_hs |    aes_ha    | return value |
+-------------------+-----+-----+------------+--------------+--------------+

