INFO: [HLS 200-10] Running '/nfs/tools/xilinx/Vivado/2019.1/bin/unwrapped/lnx64.o/vivado_hls'
INFO: [HLS 200-10] For user 'ge86qud' on host 'prakt7.regent.e-technik.tu-muenchen.de' (Linux_x86_64 version 5.4.0-148-generic) on Mon May 22 16:34:30 CEST 2023
INFO: [HLS 200-10] On os Ubuntu 20.04.6 LTS
INFO: [HLS 200-10] In directory '/nas/ei/share/TUEIEDA/LabSDS/ST23/ge86qud/lab-module-2/p1_getting_started/lab1'
Sourcing Tcl script '/nas/ei/share/TUEIEDA/LabSDS/ST23/ge86qud/lab-module-2/p1_getting_started/lab1/fir_prj/solution1/export.tcl'
INFO: [HLS 200-10] Opening project '/nas/ei/share/TUEIEDA/LabSDS/ST23/ge86qud/lab-module-2/p1_getting_started/lab1/fir_prj'.
INFO: [HLS 200-10] Opening solution '/nas/ei/share/TUEIEDA/LabSDS/ST23/ge86qud/lab-module-2/p1_getting_started/lab1/fir_prj/solution1'.
INFO: [SYN 201-201] Setting up clock 'default' with a period of 10ns.
INFO: [HLS 200-10] Setting target device to 'xcvu9p-flgb2104-1-i'
INFO: [HLS 200-435] Setting 'config_sdx -target' configuration: config_export -vivado_optimization_level=2
INFO: [HLS 200-435] Setting 'config_sdx -target' configuration: set_clock_uncertainty default
INFO: [SYN 201-201] Setting up clock 'default' with an uncertainty of 1.25ns.
INFO: [IMPL 213-8] Exporting RTL as a Vivado IP.

****** Vivado v2019.1 (64-bit)
  **** SW Build 2552052 on Fri May 24 14:47:09 MDT 2019
  **** IP Build 2548770 on Fri May 24 18:01:18 MDT 2019
    ** Copyright 1986-2019 Xilinx, Inc. All Rights Reserved.

source run_ippack.tcl -notrace
INFO: [IP_Flow 19-234] Refreshing IP repositories
INFO: [IP_Flow 19-1704] No user IP repositories specified
INFO: [IP_Flow 19-2313] Loaded Vivado IP repository '/nfs/tools/xilinx/Vivado/2019.1/data/ip'.
INFO: [Common 17-206] Exiting Vivado at Mon May 22 16:34:47 2023...
